This file contains any messages produced by compilers while
running configure, to aid debugging if configure makes a mistake.

It was created by c_eclib configure 0.9, which was
generated by GNU Autoconf 2.68.  Invocation command line was

  $ ./configure 

## --------- ##
## Platform. ##
## --------- ##

hostname = swiftdev
uname -m = x86_64
uname -r = 3.8.0-42-generic
uname -s = Linux
uname -v = #63~precise1-Ubuntu SMP Fri Jul 4 21:16:26 UTC 2014

/usr/bin/uname -p = unknown
/bin/uname -X     = unknown

/bin/arch              = unknown
/usr/bin/arch -k       = unknown
/usr/convex/getsysinfo = unknown
/usr/bin/hostinfo      = unknown
/bin/machine           = unknown
/usr/bin/oslevel       = unknown
/bin/universe          = unknown

PATH: /home/tgohad/.pythonbrew/bin
PATH: /home/tgohad/swift/bin
PATH: /home/tgohad/bin
PATH: /usr/local/sbin
PATH: /usr/local/bin
PATH: /usr/sbin
PATH: /usr/bin
PATH: /sbin
PATH: /bin
PATH: /usr/games
PATH: /home/tgohad/bin


## ----------- ##
## Core tests. ##
## ----------- ##

configure:2214: checking for a BSD-compatible install
configure:2282: result: /usr/bin/install -c
configure:2293: checking whether build environment is sane
configure:2343: result: yes
configure:2484: checking for a thread-safe mkdir -p
configure:2523: result: /bin/mkdir -p
configure:2536: checking for gawk
configure:2566: result: no
configure:2536: checking for mawk
configure:2552: found /usr/bin/mawk
configure:2563: result: mawk
configure:2574: checking whether make sets $(MAKE)
configure:2596: result: yes
configure:2705: checking build system type
configure:2719: result: x86_64-unknown-linux-gnu
configure:2739: checking host system type
configure:2752: result: x86_64-unknown-linux-gnu
configure:2793: checking how to print strings
configure:2820: result: printf
configure:2889: checking for gcc
configure:2905: found /usr/bin/gcc
configure:2916: result: gcc
configure:3145: checking for C compiler version
configure:3154: gcc --version >&5
gcc (Ubuntu/Linaro 4.6.3-1ubuntu5) 4.6.3
Copyright (C) 2011 Free Software Foundation, Inc.
This is free software; see the source for copying conditions.  There is NO
warranty; not even for MERCHANTABILITY or FITNESS FOR A PARTICULAR PURPOSE.

configure:3165: $? = 0
configure:3154: gcc -v >&5
Using built-in specs.
COLLECT_GCC=gcc
COLLECT_LTO_WRAPPER=/usr/lib/gcc/x86_64-linux-gnu/4.6/lto-wrapper
Target: x86_64-linux-gnu
Configured with: ../src/configure -v --with-pkgversion='Ubuntu/Linaro 4.6.3-1ubuntu5' --with-bugurl=file:///usr/share/doc/gcc-4.6/README.Bugs --enable-languages=c,c++,fortran,objc,obj-c++ --prefix=/usr --program-suffix=-4.6 --enable-shared --enable-linker-build-id --with-system-zlib --libexecdir=/usr/lib --without-included-gettext --enable-threads=posix --with-gxx-include-dir=/usr/include/c++/4.6 --libdir=/usr/lib --enable-nls --with-sysroot=/ --enable-clocale=gnu --enable-libstdcxx-debug --enable-libstdcxx-time=yes --enable-gnu-unique-object --enable-plugin --enable-objc-gc --disable-werror --with-arch-32=i686 --with-tune=generic --enable-checking=release --build=x86_64-linux-gnu --host=x86_64-linux-gnu --target=x86_64-linux-gnu
Thread model: posix
gcc version 4.6.3 (Ubuntu/Linaro 4.6.3-1ubuntu5) 
configure:3165: $? = 0
configure:3154: gcc -V >&5
gcc: error: unrecognized option '-V'
gcc: fatal error: no input files
compilation terminated.
configure:3165: $? = 4
configure:3154: gcc -qversion >&5
gcc: error: unrecognized option '-qversion'
gcc: fatal error: no input files
compilation terminated.
configure:3165: $? = 4
configure:3185: checking whether the C compiler works
configure:3207: gcc     -I/home/tgohad/pyeclib/c_eclib-0.9/tmp_build/gf-complete/include -I/home/tgohad/pyeclib/c_eclib-0.9/tmp_build/jerasure/include      -L/home/tgohad/pyeclib/c_eclib-0.9/tmp_build/gf-complete/src/.libs  -L/home/tgohad/pyeclib/c_eclib-0.9/tmp_build/jerasure/src/.libs  conftest.c    -lgf_complete  -lJerasure  >&5
configure:3211: $? = 0
configure:3259: result: yes
configure:3262: checking for C compiler default output file name
configure:3264: result: a.out
configure:3270: checking for suffix of executables
configure:3277: gcc -o conftest     -I/home/tgohad/pyeclib/c_eclib-0.9/tmp_build/gf-complete/include -I/home/tgohad/pyeclib/c_eclib-0.9/tmp_build/jerasure/include      -L/home/tgohad/pyeclib/c_eclib-0.9/tmp_build/gf-complete/src/.libs  -L/home/tgohad/pyeclib/c_eclib-0.9/tmp_build/jerasure/src/.libs  conftest.c    -lgf_complete  -lJerasure  >&5
configure:3281: $? = 0
configure:3303: result: 
configure:3325: checking whether we are cross compiling
configure:3333: gcc -o conftest     -I/home/tgohad/pyeclib/c_eclib-0.9/tmp_build/gf-complete/include -I/home/tgohad/pyeclib/c_eclib-0.9/tmp_build/jerasure/include      -L/home/tgohad/pyeclib/c_eclib-0.9/tmp_build/gf-complete/src/.libs  -L/home/tgohad/pyeclib/c_eclib-0.9/tmp_build/jerasure/src/.libs  conftest.c    -lgf_complete  -lJerasure  >&5
configure:3337: $? = 0
configure:3344: ./conftest
configure:3348: $? = 0
configure:3363: result: no
configure:3368: checking for suffix of object files
configure:3390: gcc -c     -I/home/tgohad/pyeclib/c_eclib-0.9/tmp_build/gf-complete/include -I/home/tgohad/pyeclib/c_eclib-0.9/tmp_build/jerasure/include conftest.c >&5
configure:3394: $? = 0
configure:3415: result: o
configure:3419: checking whether we are using the GNU C compiler
configure:3438: gcc -c     -I/home/tgohad/pyeclib/c_eclib-0.9/tmp_build/gf-complete/include -I/home/tgohad/pyeclib/c_eclib-0.9/tmp_build/jerasure/include conftest.c >&5
configure:3438: $? = 0
configure:3447: result: yes
configure:3456: checking whether gcc accepts -g
configure:3476: gcc -c -g    -I/home/tgohad/pyeclib/c_eclib-0.9/tmp_build/gf-complete/include -I/home/tgohad/pyeclib/c_eclib-0.9/tmp_build/jerasure/include conftest.c >&5
configure:3476: $? = 0
configure:3517: result: yes
configure:3534: checking for gcc option to accept ISO C89
configure:3598: gcc  -c -g -O2    -I/home/tgohad/pyeclib/c_eclib-0.9/tmp_build/gf-complete/include -I/home/tgohad/pyeclib/c_eclib-0.9/tmp_build/jerasure/include conftest.c >&5
configure:3598: $? = 0
configure:3611: result: none needed
configure:3631: checking for a sed that does not truncate output
configure:3695: result: /bin/sed
configure:3713: checking for grep that handles long lines and -e
configure:3771: result: /bin/grep
configure:3776: checking for egrep
configure:3838: result: /bin/grep -E
configure:3843: checking for fgrep
configure:3905: result: /bin/grep -F
configure:3940: checking for ld used by gcc
configure:4007: result: /usr/bin/ld
configure:4014: checking if the linker (/usr/bin/ld) is GNU ld
configure:4029: result: yes
configure:4041: checking for BSD- or MS-compatible name lister (nm)
configure:4090: result: /usr/bin/nm -B
configure:4220: checking the name lister (/usr/bin/nm -B) interface
configure:4227: gcc -c -g -O2    -I/home/tgohad/pyeclib/c_eclib-0.9/tmp_build/gf-complete/include -I/home/tgohad/pyeclib/c_eclib-0.9/tmp_build/jerasure/include conftest.c >&5
configure:4230: /usr/bin/nm -B "conftest.o"
configure:4233: output
0000000000000000 B some_variable
configure:4240: result: BSD nm
configure:4243: checking whether ln -s works
configure:4247: result: yes
configure:4255: checking the maximum length of command line arguments
configure:4385: result: 1572864
configure:4402: checking whether the shell understands some XSI constructs
configure:4412: result: yes
configure:4416: checking whether the shell understands "+="
configure:4422: result: yes
configure:4457: checking how to convert x86_64-unknown-linux-gnu file names to x86_64-unknown-linux-gnu format
configure:4497: result: func_convert_file_noop
configure:4504: checking how to convert x86_64-unknown-linux-gnu file names to toolchain format
configure:4524: result: func_convert_file_noop
configure:4531: checking for /usr/bin/ld option to reload object files
configure:4538: result: -r
configure:4612: checking for objdump
configure:4628: found /usr/bin/objdump
configure:4639: result: objdump
configure:4671: checking how to recognize dependent libraries
configure:4873: result: pass_all
configure:4958: checking for dlltool
configure:4988: result: no
configure:5018: checking how to associate runtime and link libraries
configure:5045: result: printf %s\n
configure:5106: checking for ar
configure:5122: found /usr/bin/ar
configure:5133: result: ar
configure:5170: checking for archiver @FILE support
configure:5187: gcc -c -g -O2    -I/home/tgohad/pyeclib/c_eclib-0.9/tmp_build/gf-complete/include -I/home/tgohad/pyeclib/c_eclib-0.9/tmp_build/jerasure/include conftest.c >&5
configure:5187: $? = 0
configure:5190: ar cru libconftest.a @conftest.lst >&5
configure:5193: $? = 0
configure:5198: ar cru libconftest.a @conftest.lst >&5
ar: conftest.o: No such file or directory
configure:5201: $? = 1
configure:5213: result: @
configure:5271: checking for strip
configure:5287: found /usr/bin/strip
configure:5298: result: strip
configure:5370: checking for ranlib
configure:5386: found /usr/bin/ranlib
configure:5397: result: ranlib
configure:5499: checking command to parse /usr/bin/nm -B output from gcc object
configure:5619: gcc -c -g -O2    -I/home/tgohad/pyeclib/c_eclib-0.9/tmp_build/gf-complete/include -I/home/tgohad/pyeclib/c_eclib-0.9/tmp_build/jerasure/include conftest.c >&5
configure:5622: $? = 0
configure:5626: /usr/bin/nm -B conftest.o \| sed -n -e 's/^.*[ ]\([ABCDGIRSTW][ABCDGIRSTW]*\)[ ][ ]*\([_A-Za-z][_A-Za-z0-9]*\)$/\1 \2 \2/p' | sed '/ __gnu_lto/d' \> conftest.nm
configure:5629: $? = 0
configure:5695: gcc -o conftest -g -O2    -I/home/tgohad/pyeclib/c_eclib-0.9/tmp_build/gf-complete/include -I/home/tgohad/pyeclib/c_eclib-0.9/tmp_build/jerasure/include      -L/home/tgohad/pyeclib/c_eclib-0.9/tmp_build/gf-complete/src/.libs  -L/home/tgohad/pyeclib/c_eclib-0.9/tmp_build/jerasure/src/.libs  conftest.c conftstm.o >&5
configure:5698: $? = 0
configure:5736: result: ok
configure:5773: checking for sysroot
configure:5803: result: no
configure:5880: gcc -c -g -O2    -I/home/tgohad/pyeclib/c_eclib-0.9/tmp_build/gf-complete/include -I/home/tgohad/pyeclib/c_eclib-0.9/tmp_build/jerasure/include conftest.c >&5
configure:5883: $? = 0
configure:6059: checking for mt
configure:6075: found /bin/mt
configure:6086: result: mt
configure:6109: checking if mt is a manifest tool
configure:6115: mt '-?'
configure:6123: result: no
configure:6765: checking how to run the C preprocessor
configure:6796: gcc -E    -I/home/tgohad/pyeclib/c_eclib-0.9/tmp_build/gf-complete/include -I/home/tgohad/pyeclib/c_eclib-0.9/tmp_build/jerasure/include conftest.c
configure:6796: $? = 0
configure:6810: gcc -E    -I/home/tgohad/pyeclib/c_eclib-0.9/tmp_build/gf-complete/include -I/home/tgohad/pyeclib/c_eclib-0.9/tmp_build/jerasure/include conftest.c
conftest.c:11:28: fatal error: ac_nonexistent.h: No such file or directory
compilation terminated.
configure:6810: $? = 1
configure: failed program was:
| /* confdefs.h */
| #define PACKAGE_NAME "c_eclib"
| #define PACKAGE_TARNAME "c_eclib"
| #define PACKAGE_VERSION "0.9"
| #define PACKAGE_STRING "c_eclib 0.9"
| #define PACKAGE_BUGREPORT ""
| #define PACKAGE_URL ""
| #define PACKAGE "c_eclib"
| #define VERSION "0.9"
| /* end confdefs.h.  */
| #include <ac_nonexistent.h>
configure:6835: result: gcc -E
configure:6855: gcc -E    -I/home/tgohad/pyeclib/c_eclib-0.9/tmp_build/gf-complete/include -I/home/tgohad/pyeclib/c_eclib-0.9/tmp_build/jerasure/include conftest.c
configure:6855: $? = 0
configure:6869: gcc -E    -I/home/tgohad/pyeclib/c_eclib-0.9/tmp_build/gf-complete/include -I/home/tgohad/pyeclib/c_eclib-0.9/tmp_build/jerasure/include conftest.c
conftest.c:11:28: fatal error: ac_nonexistent.h: No such file or directory
compilation terminated.
configure:6869: $? = 1
configure: failed program was:
| /* confdefs.h */
| #define PACKAGE_NAME "c_eclib"
| #define PACKAGE_TARNAME "c_eclib"
| #define PACKAGE_VERSION "0.9"
| #define PACKAGE_STRING "c_eclib 0.9"
| #define PACKAGE_BUGREPORT ""
| #define PACKAGE_URL ""
| #define PACKAGE "c_eclib"
| #define VERSION "0.9"
| /* end confdefs.h.  */
| #include <ac_nonexistent.h>
configure:6898: checking for ANSI C header files
configure:6918: gcc -c -g -O2    -I/home/tgohad/pyeclib/c_eclib-0.9/tmp_build/gf-complete/include -I/home/tgohad/pyeclib/c_eclib-0.9/tmp_build/jerasure/include conftest.c >&5
configure:6918: $? = 0
configure:6991: gcc -o conftest -g -O2    -I/home/tgohad/pyeclib/c_eclib-0.9/tmp_build/gf-complete/include -I/home/tgohad/pyeclib/c_eclib-0.9/tmp_build/jerasure/include      -L/home/tgohad/pyeclib/c_eclib-0.9/tmp_build/gf-complete/src/.libs  -L/home/tgohad/pyeclib/c_eclib-0.9/tmp_build/jerasure/src/.libs  conftest.c    -lgf_complete  -lJerasure  >&5
configure:6991: $? = 0
configure:6991: ./conftest
configure:6991: $? = 0
configure:7002: result: yes
configure:7015: checking for sys/types.h
configure:7015: gcc -c -g -O2    -I/home/tgohad/pyeclib/c_eclib-0.9/tmp_build/gf-complete/include -I/home/tgohad/pyeclib/c_eclib-0.9/tmp_build/jerasure/include conftest.c >&5
configure:7015: $? = 0
configure:7015: result: yes
configure:7015: checking for sys/stat.h
configure:7015: gcc -c -g -O2    -I/home/tgohad/pyeclib/c_eclib-0.9/tmp_build/gf-complete/include -I/home/tgohad/pyeclib/c_eclib-0.9/tmp_build/jerasure/include conftest.c >&5
configure:7015: $? = 0
configure:7015: result: yes
configure:7015: checking for stdlib.h
configure:7015: gcc -c -g -O2    -I/home/tgohad/pyeclib/c_eclib-0.9/tmp_build/gf-complete/include -I/home/tgohad/pyeclib/c_eclib-0.9/tmp_build/jerasure/include conftest.c >&5
configure:7015: $? = 0
configure:7015: result: yes
configure:7015: checking for string.h
configure:7015: gcc -c -g -O2    -I/home/tgohad/pyeclib/c_eclib-0.9/tmp_build/gf-complete/include -I/home/tgohad/pyeclib/c_eclib-0.9/tmp_build/jerasure/include conftest.c >&5
configure:7015: $? = 0
configure:7015: result: yes
configure:7015: checking for memory.h
configure:7015: gcc -c -g -O2    -I/home/tgohad/pyeclib/c_eclib-0.9/tmp_build/gf-complete/include -I/home/tgohad/pyeclib/c_eclib-0.9/tmp_build/jerasure/include conftest.c >&5
configure:7015: $? = 0
configure:7015: result: yes
configure:7015: checking for strings.h
configure:7015: gcc -c -g -O2    -I/home/tgohad/pyeclib/c_eclib-0.9/tmp_build/gf-complete/include -I/home/tgohad/pyeclib/c_eclib-0.9/tmp_build/jerasure/include conftest.c >&5
configure:7015: $? = 0
configure:7015: result: yes
configure:7015: checking for inttypes.h
configure:7015: gcc -c -g -O2    -I/home/tgohad/pyeclib/c_eclib-0.9/tmp_build/gf-complete/include -I/home/tgohad/pyeclib/c_eclib-0.9/tmp_build/jerasure/include conftest.c >&5
configure:7015: $? = 0
configure:7015: result: yes
configure:7015: checking for stdint.h
configure:7015: gcc -c -g -O2    -I/home/tgohad/pyeclib/c_eclib-0.9/tmp_build/gf-complete/include -I/home/tgohad/pyeclib/c_eclib-0.9/tmp_build/jerasure/include conftest.c >&5
configure:7015: $? = 0
configure:7015: result: yes
configure:7015: checking for unistd.h
configure:7015: gcc -c -g -O2    -I/home/tgohad/pyeclib/c_eclib-0.9/tmp_build/gf-complete/include -I/home/tgohad/pyeclib/c_eclib-0.9/tmp_build/jerasure/include conftest.c >&5
configure:7015: $? = 0
configure:7015: result: yes
configure:7029: checking for dlfcn.h
configure:7029: gcc -c -g -O2    -I/home/tgohad/pyeclib/c_eclib-0.9/tmp_build/gf-complete/include -I/home/tgohad/pyeclib/c_eclib-0.9/tmp_build/jerasure/include conftest.c >&5
configure:7029: $? = 0
configure:7029: result: yes
configure:7235: checking for objdir
configure:7250: result: .libs
configure:7521: checking if gcc supports -fno-rtti -fno-exceptions
configure:7539: gcc -c -g -O2    -I/home/tgohad/pyeclib/c_eclib-0.9/tmp_build/gf-complete/include -I/home/tgohad/pyeclib/c_eclib-0.9/tmp_build/jerasure/include -fno-rtti -fno-exceptions conftest.c >&5
cc1: warning: command line option '-fno-rtti' is valid for C++/ObjC++ but not for C [enabled by default]
configure:7543: $? = 0
configure:7556: result: no
configure:7883: checking for gcc option to produce PIC
configure:7890: result: -fPIC -DPIC
configure:7898: checking if gcc PIC flag -fPIC -DPIC works
configure:7916: gcc -c -g -O2    -I/home/tgohad/pyeclib/c_eclib-0.9/tmp_build/gf-complete/include -I/home/tgohad/pyeclib/c_eclib-0.9/tmp_build/jerasure/include -fPIC -DPIC -DPIC conftest.c >&5
configure:7920: $? = 0
configure:7933: result: yes
configure:7962: checking if gcc static flag -static works
configure:7990: result: no
configure:8005: checking if gcc supports -c -o file.o
configure:8026: gcc -c -g -O2    -I/home/tgohad/pyeclib/c_eclib-0.9/tmp_build/gf-complete/include -I/home/tgohad/pyeclib/c_eclib-0.9/tmp_build/jerasure/include -o out/conftest2.o conftest.c >&5
configure:8030: $? = 0
configure:8052: result: yes
configure:8060: checking if gcc supports -c -o file.o
configure:8107: result: yes
configure:8140: checking whether the gcc linker (/usr/bin/ld -m elf_x86_64) supports shared libraries
configure:9297: result: yes
configure:9334: checking whether -lc should be explicitly linked in
configure:9342: gcc -c -g -O2    -I/home/tgohad/pyeclib/c_eclib-0.9/tmp_build/gf-complete/include -I/home/tgohad/pyeclib/c_eclib-0.9/tmp_build/jerasure/include conftest.c >&5
configure:9345: $? = 0
configure:9360: gcc -shared  -fPIC -DPIC conftest.o  -v -Wl,-soname -Wl,conftest -o conftest 2\>\&1 \| /bin/grep  -lc  \>/dev/null 2\>\&1
configure:9363: $? = 0
configure:9377: result: no
configure:9537: checking dynamic linker characteristics
configure:10048: gcc -o conftest -g -O2    -I/home/tgohad/pyeclib/c_eclib-0.9/tmp_build/gf-complete/include -I/home/tgohad/pyeclib/c_eclib-0.9/tmp_build/jerasure/include      -L/home/tgohad/pyeclib/c_eclib-0.9/tmp_build/gf-complete/src/.libs  -L/home/tgohad/pyeclib/c_eclib-0.9/tmp_build/jerasure/src/.libs  -Wl,-rpath -Wl,/foo conftest.c    -lgf_complete  -lJerasure  >&5
configure:10048: $? = 0
configure:10282: result: GNU/Linux ld.so
configure:10389: checking how to hardcode library paths into programs
configure:10414: result: immediate
configure:10954: checking whether stripping libraries is possible
configure:10959: result: yes
configure:10994: checking if libtool supports shared libraries
configure:10996: result: yes
configure:10999: checking whether to build shared libraries
configure:11020: result: yes
configure:11023: checking whether to build static libraries
configure:11027: result: yes
configure:11073: checking whether to enable maintainer-specific portions of Makefiles
configure:11082: result: no
configure:11144: checking for gcc
configure:11171: result: gcc
configure:11400: checking for C compiler version
configure:11409: gcc --version >&5
gcc (Ubuntu/Linaro 4.6.3-1ubuntu5) 4.6.3
Copyright (C) 2011 Free Software Foundation, Inc.
This is free software; see the source for copying conditions.  There is NO
warranty; not even for MERCHANTABILITY or FITNESS FOR A PARTICULAR PURPOSE.

configure:11420: $? = 0
configure:11409: gcc -v >&5
Using built-in specs.
COLLECT_GCC=gcc
COLLECT_LTO_WRAPPER=/usr/lib/gcc/x86_64-linux-gnu/4.6/lto-wrapper
Target: x86_64-linux-gnu
Configured with: ../src/configure -v --with-pkgversion='Ubuntu/Linaro 4.6.3-1ubuntu5' --with-bugurl=file:///usr/share/doc/gcc-4.6/README.Bugs --enable-languages=c,c++,fortran,objc,obj-c++ --prefix=/usr --program-suffix=-4.6 --enable-shared --enable-linker-build-id --with-system-zlib --libexecdir=/usr/lib --without-included-gettext --enable-threads=posix --with-gxx-include-dir=/usr/include/c++/4.6 --libdir=/usr/lib --enable-nls --with-sysroot=/ --enable-clocale=gnu --enable-libstdcxx-debug --enable-libstdcxx-time=yes --enable-gnu-unique-object --enable-plugin --enable-objc-gc --disable-werror --with-arch-32=i686 --with-tune=generic --enable-checking=release --build=x86_64-linux-gnu --host=x86_64-linux-gnu --target=x86_64-linux-gnu
Thread model: posix
gcc version 4.6.3 (Ubuntu/Linaro 4.6.3-1ubuntu5) 
configure:11420: $? = 0
configure:11409: gcc -V >&5
gcc: error: unrecognized option '-V'
gcc: fatal error: no input files
compilation terminated.
configure:11420: $? = 4
configure:11409: gcc -qversion >&5
gcc: error: unrecognized option '-qversion'
gcc: fatal error: no input files
compilation terminated.
configure:11420: $? = 4
configure:11424: checking whether we are using the GNU C compiler
configure:11452: result: yes
configure:11461: checking whether gcc accepts -g
configure:11522: result: yes
configure:11539: checking for gcc option to accept ISO C89
configure:11616: result: none needed
configure:11641: checking jerasure.h usability
configure:11641: gcc -c -g -O2    -I/home/tgohad/pyeclib/c_eclib-0.9/tmp_build/gf-complete/include -I/home/tgohad/pyeclib/c_eclib-0.9/tmp_build/jerasure/include conftest.c >&5
configure:11641: $? = 0
configure:11641: result: yes
configure:11641: checking jerasure.h presence
configure:11641: gcc -E    -I/home/tgohad/pyeclib/c_eclib-0.9/tmp_build/gf-complete/include -I/home/tgohad/pyeclib/c_eclib-0.9/tmp_build/jerasure/include conftest.c
configure:11641: $? = 0
configure:11641: result: yes
configure:11641: checking for jerasure.h
configure:11641: result: yes
configure:11641: checking cauchy.h usability
configure:11641: gcc -c -g -O2    -I/home/tgohad/pyeclib/c_eclib-0.9/tmp_build/gf-complete/include -I/home/tgohad/pyeclib/c_eclib-0.9/tmp_build/jerasure/include conftest.c >&5
configure:11641: $? = 0
configure:11641: result: yes
configure:11641: checking cauchy.h presence
configure:11641: gcc -E    -I/home/tgohad/pyeclib/c_eclib-0.9/tmp_build/gf-complete/include -I/home/tgohad/pyeclib/c_eclib-0.9/tmp_build/jerasure/include conftest.c
configure:11641: $? = 0
configure:11641: result: yes
configure:11641: checking for cauchy.h
configure:11641: result: yes
configure:11641: checking galois.h usability
configure:11641: gcc -c -g -O2    -I/home/tgohad/pyeclib/c_eclib-0.9/tmp_build/gf-complete/include -I/home/tgohad/pyeclib/c_eclib-0.9/tmp_build/jerasure/include conftest.c >&5
configure:11641: $? = 0
configure:11641: result: yes
configure:11641: checking galois.h presence
configure:11641: gcc -E    -I/home/tgohad/pyeclib/c_eclib-0.9/tmp_build/gf-complete/include -I/home/tgohad/pyeclib/c_eclib-0.9/tmp_build/jerasure/include conftest.c
configure:11641: $? = 0
configure:11641: result: yes
configure:11641: checking for galois.h
configure:11641: result: yes
configure:11641: checking liberation.h usability
configure:11641: gcc -c -g -O2    -I/home/tgohad/pyeclib/c_eclib-0.9/tmp_build/gf-complete/include -I/home/tgohad/pyeclib/c_eclib-0.9/tmp_build/jerasure/include conftest.c >&5
configure:11641: $? = 0
configure:11641: result: yes
configure:11641: checking liberation.h presence
configure:11641: gcc -E    -I/home/tgohad/pyeclib/c_eclib-0.9/tmp_build/gf-complete/include -I/home/tgohad/pyeclib/c_eclib-0.9/tmp_build/jerasure/include conftest.c
configure:11641: $? = 0
configure:11641: result: yes
configure:11641: checking for liberation.h
configure:11641: result: yes
configure:11641: checking reed_sol.h usability
configure:11641: gcc -c -g -O2    -I/home/tgohad/pyeclib/c_eclib-0.9/tmp_build/gf-complete/include -I/home/tgohad/pyeclib/c_eclib-0.9/tmp_build/jerasure/include conftest.c >&5
configure:11641: $? = 0
configure:11641: result: yes
configure:11641: checking reed_sol.h presence
configure:11641: gcc -E    -I/home/tgohad/pyeclib/c_eclib-0.9/tmp_build/gf-complete/include -I/home/tgohad/pyeclib/c_eclib-0.9/tmp_build/jerasure/include conftest.c
configure:11641: $? = 0
configure:11641: result: yes
configure:11641: checking for reed_sol.h
configure:11641: result: yes
configure:11641: checking gf_complete.h usability
configure:11641: gcc -c -g -O2    -I/home/tgohad/pyeclib/c_eclib-0.9/tmp_build/gf-complete/include -I/home/tgohad/pyeclib/c_eclib-0.9/tmp_build/jerasure/include conftest.c >&5
configure:11641: $? = 0
configure:11641: result: yes
configure:11641: checking gf_complete.h presence
configure:11641: gcc -E    -I/home/tgohad/pyeclib/c_eclib-0.9/tmp_build/gf-complete/include -I/home/tgohad/pyeclib/c_eclib-0.9/tmp_build/jerasure/include conftest.c
configure:11641: $? = 0
configure:11641: result: yes
configure:11641: checking for gf_complete.h
configure:11641: result: yes
configure:11673: checking for x86 cpuid  output
configure:11702: gcc -o conftest -g -O2    -I/home/tgohad/pyeclib/c_eclib-0.9/tmp_build/gf-complete/include -I/home/tgohad/pyeclib/c_eclib-0.9/tmp_build/jerasure/include      -L/home/tgohad/pyeclib/c_eclib-0.9/tmp_build/gf-complete/src/.libs  -L/home/tgohad/pyeclib/c_eclib-0.9/tmp_build/jerasure/src/.libs  conftest.c    -lgf_complete  -lJerasure  >&5
conftest.c: In function 'main':
conftest.c:34:15: error: expected expression before ',' token
configure:11702: $? = 1
configure: program exited with status 1
configure: failed program was:
| /* confdefs.h */
| #define PACKAGE_NAME "c_eclib"
| #define PACKAGE_TARNAME "c_eclib"
| #define PACKAGE_VERSION "0.9"
| #define PACKAGE_STRING "c_eclib 0.9"
| #define PACKAGE_BUGREPORT ""
| #define PACKAGE_URL ""
| #define PACKAGE "c_eclib"
| #define VERSION "0.9"
| #define STDC_HEADERS 1
| #define HAVE_SYS_TYPES_H 1
| #define HAVE_SYS_STAT_H 1
| #define HAVE_STDLIB_H 1
| #define HAVE_STRING_H 1
| #define HAVE_MEMORY_H 1
| #define HAVE_STRINGS_H 1
| #define HAVE_INTTYPES_H 1
| #define HAVE_STDINT_H 1
| #define HAVE_UNISTD_H 1
| #define HAVE_DLFCN_H 1
| #define LT_OBJDIR ".libs/"
| #define HAVE_JERASURE_H 1
| #define HAVE_CAUCHY_H 1
| #define HAVE_GALOIS_H 1
| #define HAVE_LIBERATION_H 1
| #define HAVE_REED_SOL_H 1
| #define HAVE_GF_COMPLETE_H 1
| /* end confdefs.h.  */
| #include <stdio.h>
| int
| main ()
| {
| 
|      int op = , eax, ebx, ecx, edx;
|      FILE *f;
|       __asm__("cpuid"
|         : "=a" (eax), "=b" (ebx), "=c" (ecx), "=d" (edx)
|         : "a" (op));
|      f = fopen("conftest_cpuid", "w"); if (!f) return 1;
|      fprintf(f, "%x:%x:%x:%x\n", eax, ebx, ecx, edx);
|      fclose(f);
|      return 0;
| 
|   ;
|   return 0;
| }
configure:11712: result: unknown
configure:11728: checking for x86-AVX xgetbv  output
configure:11758: gcc -o conftest -g -O2    -I/home/tgohad/pyeclib/c_eclib-0.9/tmp_build/gf-complete/include -I/home/tgohad/pyeclib/c_eclib-0.9/tmp_build/jerasure/include      -L/home/tgohad/pyeclib/c_eclib-0.9/tmp_build/gf-complete/src/.libs  -L/home/tgohad/pyeclib/c_eclib-0.9/tmp_build/jerasure/src/.libs  conftest.c    -lgf_complete  -lJerasure  >&5
conftest.c: In function 'main':
conftest.c:34:15: error: expected expression before ',' token
configure:11758: $? = 1
configure: program exited with status 1
configure: failed program was:
| /* confdefs.h */
| #define PACKAGE_NAME "c_eclib"
| #define PACKAGE_TARNAME "c_eclib"
| #define PACKAGE_VERSION "0.9"
| #define PACKAGE_STRING "c_eclib 0.9"
| #define PACKAGE_BUGREPORT ""
| #define PACKAGE_URL ""
| #define PACKAGE "c_eclib"
| #define VERSION "0.9"
| #define STDC_HEADERS 1
| #define HAVE_SYS_TYPES_H 1
| #define HAVE_SYS_STAT_H 1
| #define HAVE_STDLIB_H 1
| #define HAVE_STRING_H 1
| #define HAVE_MEMORY_H 1
| #define HAVE_STRINGS_H 1
| #define HAVE_INTTYPES_H 1
| #define HAVE_STDINT_H 1
| #define HAVE_UNISTD_H 1
| #define HAVE_DLFCN_H 1
| #define LT_OBJDIR ".libs/"
| #define HAVE_JERASURE_H 1
| #define HAVE_CAUCHY_H 1
| #define HAVE_GALOIS_H 1
| #define HAVE_LIBERATION_H 1
| #define HAVE_REED_SOL_H 1
| #define HAVE_GF_COMPLETE_H 1
| /* end confdefs.h.  */
| #include <stdio.h>
| int
| main ()
| {
| 
|      int op = , eax, edx;
|      FILE *f;
|       /* Opcodes for xgetbv */
|       __asm__(".byte 0x0f, 0x01, 0xd0"
|         : "=a" (eax), "=d" (edx)
|         : "c" (op));
|      f = fopen("conftest_xgetbv", "w"); if (!f) return 1;
|      fprintf(f, "%x:%x\n", eax, edx);
|      fclose(f);
|      return 0;
| 
|   ;
|   return 0;
| }
configure:11768: result: unknown
configure:11853: checking for x86 cpuid 0x00000001 output
configure:11882: gcc -o conftest -g -O2    -I/home/tgohad/pyeclib/c_eclib-0.9/tmp_build/gf-complete/include -I/home/tgohad/pyeclib/c_eclib-0.9/tmp_build/jerasure/include      -L/home/tgohad/pyeclib/c_eclib-0.9/tmp_build/gf-complete/src/.libs  -L/home/tgohad/pyeclib/c_eclib-0.9/tmp_build/jerasure/src/.libs  conftest.c    -lgf_complete  -lJerasure  >&5
configure:11882: $? = 0
configure:11882: ./conftest
configure:11882: $? = 0
configure:11892: result: 40651:800:209:78bfbff
configure:11904: checking whether mmx is supported
configure:11916: result: yes
configure:11919: checking whether sse is supported
configure:11931: result: yes
configure:11934: checking whether sse2 is supported
configure:11946: result: yes
configure:11949: checking whether sse3 is supported
configure:11961: result: yes
configure:11964: checking whether ssse3 is supported
configure:11976: result: yes
configure:11979: checking whether sse4.1 is supported
configure:11991: result: no
configure:11994: checking whether sse4.2 is supported
configure:12006: result: no
configure:12009: checking whether avx is supported by processor
configure:12021: result: no
configure:12111: checking whether C compiler accepts -mmmx
configure:12130: gcc -c -g -O2  -mmmx    -I/home/tgohad/pyeclib/c_eclib-0.9/tmp_build/gf-complete/include -I/home/tgohad/pyeclib/c_eclib-0.9/tmp_build/jerasure/include conftest.c >&5
configure:12130: $? = 0
configure:12138: result: yes
configure:12162: checking whether C compiler accepts -msse
configure:12181: gcc -c -g -O2  -msse    -I/home/tgohad/pyeclib/c_eclib-0.9/tmp_build/gf-complete/include -I/home/tgohad/pyeclib/c_eclib-0.9/tmp_build/jerasure/include conftest.c >&5
configure:12181: $? = 0
configure:12189: result: yes
configure:12209: checking whether C compiler accepts -msse2
configure:12228: gcc -c -g -O2  -msse2    -I/home/tgohad/pyeclib/c_eclib-0.9/tmp_build/gf-complete/include -I/home/tgohad/pyeclib/c_eclib-0.9/tmp_build/jerasure/include conftest.c >&5
configure:12228: $? = 0
configure:12236: result: yes
configure:12256: checking whether C compiler accepts -msse3
configure:12275: gcc -c -g -O2  -msse3    -I/home/tgohad/pyeclib/c_eclib-0.9/tmp_build/gf-complete/include -I/home/tgohad/pyeclib/c_eclib-0.9/tmp_build/jerasure/include conftest.c >&5
configure:12275: $? = 0
configure:12283: result: yes
configure:12303: checking whether C compiler accepts -mssse3
configure:12322: gcc -c -g -O2  -mssse3    -I/home/tgohad/pyeclib/c_eclib-0.9/tmp_build/gf-complete/include -I/home/tgohad/pyeclib/c_eclib-0.9/tmp_build/jerasure/include conftest.c >&5
configure:12322: $? = 0
configure:12330: result: yes
configure:12624: creating ./config.status

## ---------------------- ##
## Running config.status. ##
## ---------------------- ##

This file was extended by c_eclib config.status 0.9, which was
generated by GNU Autoconf 2.68.  Invocation command line was

  CONFIG_FILES    = 
  CONFIG_HEADERS  = 
  CONFIG_LINKS    = 
  CONFIG_COMMANDS = 
  $ ./config.status 

on swiftdev

config.status:1093: creating Makefile
config.status:1093: creating xor_codes/Makefile
config.status:1093: creating alg_sig/Makefile
config.status:1093: creating include/config.h
config.status:1322: executing libtool commands

## ---------------- ##
## Cache variables. ##
## ---------------- ##

ac_cv_build=x86_64-unknown-linux-gnu
ac_cv_c_compiler_gnu=yes
ac_cv_env_CC_set=
ac_cv_env_CC_value=
ac_cv_env_CFLAGS_set=
ac_cv_env_CFLAGS_value=
ac_cv_env_CPPFLAGS_set=set
ac_cv_env_CPPFLAGS_value='   -I/home/tgohad/pyeclib/c_eclib-0.9/tmp_build/gf-complete/include -I/home/tgohad/pyeclib/c_eclib-0.9/tmp_build/jerasure/include'
ac_cv_env_CPP_set=
ac_cv_env_CPP_value=
ac_cv_env_LDFLAGS_set=set
ac_cv_env_LDFLAGS_value='     -L/home/tgohad/pyeclib/c_eclib-0.9/tmp_build/gf-complete/src/.libs  -L/home/tgohad/pyeclib/c_eclib-0.9/tmp_build/jerasure/src/.libs '
ac_cv_env_LIBS_set=set
ac_cv_env_LIBS_value='   -lgf_complete  -lJerasure '
ac_cv_env_build_alias_set=
ac_cv_env_build_alias_value=
ac_cv_env_host_alias_set=
ac_cv_env_host_alias_value=
ac_cv_env_target_alias_set=
ac_cv_env_target_alias_value=
ac_cv_header_cauchy_h=yes
ac_cv_header_dlfcn_h=yes
ac_cv_header_galois_h=yes
ac_cv_header_gf_complete_h=yes
ac_cv_header_inttypes_h=yes
ac_cv_header_jerasure_h=yes
ac_cv_header_liberation_h=yes
ac_cv_header_memory_h=yes
ac_cv_header_reed_sol_h=yes
ac_cv_header_stdc=yes
ac_cv_header_stdint_h=yes
ac_cv_header_stdlib_h=yes
ac_cv_header_string_h=yes
ac_cv_header_strings_h=yes
ac_cv_header_sys_stat_h=yes
ac_cv_header_sys_types_h=yes
ac_cv_header_unistd_h=yes
ac_cv_host=x86_64-unknown-linux-gnu
ac_cv_objext=o
ac_cv_path_EGREP='/bin/grep -E'
ac_cv_path_FGREP='/bin/grep -F'
ac_cv_path_GREP=/bin/grep
ac_cv_path_SED=/bin/sed
ac_cv_path_install='/usr/bin/install -c'
ac_cv_path_mkdir=/bin/mkdir
ac_cv_prog_AWK=mawk
ac_cv_prog_CPP='gcc -E'
ac_cv_prog_ac_ct_AR=ar
ac_cv_prog_ac_ct_CC=gcc
ac_cv_prog_ac_ct_MANIFEST_TOOL=mt
ac_cv_prog_ac_ct_OBJDUMP=objdump
ac_cv_prog_ac_ct_RANLIB=ranlib
ac_cv_prog_ac_ct_STRIP=strip
ac_cv_prog_cc_c89=
ac_cv_prog_cc_g=yes
ac_cv_prog_make_make_set=yes
ax_cv_check_cflags___mmmx=yes
ax_cv_check_cflags___msse2=yes
ax_cv_check_cflags___msse3=yes
ax_cv_check_cflags___msse=yes
ax_cv_check_cflags___mssse3=yes
ax_cv_gcc_x86_avx_xgetbv_=unknown
ax_cv_gcc_x86_cpuid_0x00000001=40651:800:209:78bfbff
ax_cv_gcc_x86_cpuid_=unknown
ax_cv_have_avx_cpu_ext=no
ax_cv_have_mmx_ext=yes
ax_cv_have_sse2_ext=yes
ax_cv_have_sse3_ext=yes
ax_cv_have_sse41_ext=no
ax_cv_have_sse42_ext=no
ax_cv_have_sse_ext=yes
ax_cv_have_ssse3_ext=yes
ax_cv_support_mmx_ext=yes
ax_cv_support_sse2_ext=yes
ax_cv_support_sse3_ext=yes
ax_cv_support_sse_ext=yes
ax_cv_support_ssse3_ext=yes
lt_cv_ar_at_file=@
lt_cv_archive_cmds_need_lc=no
lt_cv_deplibs_check_method=pass_all
lt_cv_file_magic_cmd='$MAGIC_CMD'
lt_cv_file_magic_test_file=
lt_cv_ld_reload_flag=-r
lt_cv_nm_interface='BSD nm'
lt_cv_objdir=.libs
lt_cv_path_LD=/usr/bin/ld
lt_cv_path_NM='/usr/bin/nm -B'
lt_cv_path_mainfest_tool=no
lt_cv_prog_compiler_c_o=yes
lt_cv_prog_compiler_pic='-fPIC -DPIC'
lt_cv_prog_compiler_pic_works=yes
lt_cv_prog_compiler_rtti_exceptions=no
lt_cv_prog_compiler_static_works=no
lt_cv_prog_gnu_ld=yes
lt_cv_sharedlib_from_linklib_cmd='printf %s\n'
lt_cv_shlibpath_overrides_runpath=no
lt_cv_sys_global_symbol_pipe='sed -n -e '\''s/^.*[	 ]\([ABCDGIRSTW][ABCDGIRSTW]*\)[	 ][	 ]*\([_A-Za-z][_A-Za-z0-9]*\)$/\1 \2 \2/p'\'' | sed '\''/ __gnu_lto/d'\'''
lt_cv_sys_global_symbol_to_c_name_address='sed -n -e '\''s/^: \([^ ]*\)[ ]*$/  {\"\1\", (void *) 0},/p'\'' -e '\''s/^[ABCDGIRSTW]* \([^ ]*\) \([^ ]*\)$/  {"\2", (void *) \&\2},/p'\'''
lt_cv_sys_global_symbol_to_c_name_address_lib_prefix='sed -n -e '\''s/^: \([^ ]*\)[ ]*$/  {\"\1\", (void *) 0},/p'\'' -e '\''s/^[ABCDGIRSTW]* \([^ ]*\) \(lib[^ ]*\)$/  {"\2", (void *) \&\2},/p'\'' -e '\''s/^[ABCDGIRSTW]* \([^ ]*\) \([^ ]*\)$/  {"lib\2", (void *) \&\2},/p'\'''
lt_cv_sys_global_symbol_to_cdecl='sed -n -e '\''s/^T .* \(.*\)$/extern int \1();/p'\'' -e '\''s/^[ABCDGIRSTW]* .* \(.*\)$/extern char \1;/p'\'''
lt_cv_sys_max_cmd_len=1572864
lt_cv_to_host_file_cmd=func_convert_file_noop
lt_cv_to_tool_file_cmd=func_convert_file_noop

## ----------------- ##
## Output variables. ##
## ----------------- ##

ACLOCAL='${SHELL} /home/tgohad/pyeclib/c_eclib-0.9/missing --run aclocal-1.11'
AMTAR='$${TAR-tar}'
AR='ar'
AUTOCONF='${SHELL} /home/tgohad/pyeclib/c_eclib-0.9/missing --run autoconf'
AUTOHEADER='${SHELL} /home/tgohad/pyeclib/c_eclib-0.9/missing --run autoheader'
AUTOMAKE='${SHELL} /home/tgohad/pyeclib/c_eclib-0.9/missing --run automake-1.11'
AWK='mawk'
CC='gcc'
CFLAGS='-g -O2'
CPP='gcc -E'
CPPFLAGS='   -I/home/tgohad/pyeclib/c_eclib-0.9/tmp_build/gf-complete/include -I/home/tgohad/pyeclib/c_eclib-0.9/tmp_build/jerasure/include'
CYGPATH_W='echo'
DEFS='-DHAVE_CONFIG_H'
DLLTOOL='false'
DSYMUTIL=''
DUMPBIN=''
ECHO_C=''
ECHO_N='-n'
ECHO_T=''
EGREP='/bin/grep -E'
EXEEXT=''
FGREP='/bin/grep -F'
GREP='/bin/grep'
INSTALL_DATA='${INSTALL} -m 644'
INSTALL_PROGRAM='${INSTALL}'
INSTALL_SCRIPT='${INSTALL}'
INSTALL_STRIP_PROGRAM='$(install_sh) -c -s'
LD='/usr/bin/ld -m elf_x86_64'
LDFLAGS='     -L/home/tgohad/pyeclib/c_eclib-0.9/tmp_build/gf-complete/src/.libs  -L/home/tgohad/pyeclib/c_eclib-0.9/tmp_build/jerasure/src/.libs '
LIBOBJS=''
LIBS='   -lgf_complete  -lJerasure '
LIBTOOL='$(SHELL) $(top_builddir)/libtool'
LIPO=''
LN_S='ln -s'
LTLIBOBJS=''
MAINT='#'
MAINTAINER_MODE_FALSE=''
MAINTAINER_MODE_TRUE='#'
MAKEINFO='${SHELL} /home/tgohad/pyeclib/c_eclib-0.9/missing --run makeinfo'
MANIFEST_TOOL=':'
MKDIR_P='/bin/mkdir -p'
NM='/usr/bin/nm -B'
NMEDIT=''
OBJDUMP='objdump'
OBJEXT='o'
OTOOL64=''
OTOOL=''
PACKAGE='c_eclib'
PACKAGE_BUGREPORT=''
PACKAGE_NAME='c_eclib'
PACKAGE_STRING='c_eclib 0.9'
PACKAGE_TARNAME='c_eclib'
PACKAGE_URL=''
PACKAGE_VERSION='0.9'
PATH_SEPARATOR=':'
RANLIB='ranlib'
SED='/bin/sed'
SET_MAKE=''
SHELL='/bin/bash'
SIMD_FLAGS=' -mmmx -msse -DINTEL_SSE -msse2 -DINTEL_SSE2 -msse3 -DINTEL_SSE3 -mssse3'
STRIP='strip'
VERSION='0.9'
ac_ct_AR='ar'
ac_ct_CC='gcc'
ac_ct_DUMPBIN=''
am__EXEEXT_FALSE=''
am__EXEEXT_TRUE='#'
am__isrc=''
am__leading_dot='.'
am__tar='$${TAR-tar} chof - "$$tardir"'
am__untar='$${TAR-tar} xf -'
bindir='${exec_prefix}/bin'
build='x86_64-unknown-linux-gnu'
build_alias=''
build_cpu='x86_64'
build_os='linux-gnu'
build_vendor='unknown'
datadir='${datarootdir}'
datarootdir='${prefix}/share'
docdir='${datarootdir}/doc/${PACKAGE_TARNAME}'
dvidir='${docdir}'
exec_prefix='${prefix}'
host='x86_64-unknown-linux-gnu'
host_alias=''
host_cpu='x86_64'
host_os='linux-gnu'
host_vendor='unknown'
htmldir='${docdir}'
includedir='${prefix}/include'
infodir='${datarootdir}/info'
install_sh='${SHELL} /home/tgohad/pyeclib/c_eclib-0.9/install-sh'
libdir='${exec_prefix}/lib'
libexecdir='${exec_prefix}/libexec'
localedir='${datarootdir}/locale'
localstatedir='${prefix}/var'
mandir='${datarootdir}/man'
mkdir_p='/bin/mkdir -p'
oldincludedir='/usr/include'
pdfdir='${docdir}'
prefix='/usr/local'
program_transform_name='s,x,x,'
psdir='${docdir}'
sbindir='${exec_prefix}/sbin'
sharedstatedir='${prefix}/com'
sysconfdir='${prefix}/etc'
target_alias=''

## ----------- ##
## confdefs.h. ##
## ----------- ##

/* confdefs.h */
#define PACKAGE_NAME "c_eclib"
#define PACKAGE_TARNAME "c_eclib"
#define PACKAGE_VERSION "0.9"
#define PACKAGE_STRING "c_eclib 0.9"
#define PACKAGE_BUGREPORT ""
#define PACKAGE_URL ""
#define PACKAGE "c_eclib"
#define VERSION "0.9"
#define STDC_HEADERS 1
#define HAVE_SYS_TYPES_H 1
#define HAVE_SYS_STAT_H 1
#define HAVE_STDLIB_H 1
#define HAVE_STRING_H 1
#define HAVE_MEMORY_H 1
#define HAVE_STRINGS_H 1
#define HAVE_INTTYPES_H 1
#define HAVE_STDINT_H 1
#define HAVE_UNISTD_H 1
#define HAVE_DLFCN_H 1
#define LT_OBJDIR ".libs/"
#define HAVE_JERASURE_H 1
#define HAVE_CAUCHY_H 1
#define HAVE_GALOIS_H 1
#define HAVE_LIBERATION_H 1
#define HAVE_REED_SOL_H 1
#define HAVE_GF_COMPLETE_H 1
#define HAVE_MMX /**/
#define HAVE_SSE /**/
#define HAVE_SSE2 /**/
#define HAVE_SSE3 /**/
#define HAVE_SSSE3 /**/

configure: exit 0
