This file contains any messages produced by compilers while
running configure, to aid debugging if configure makes a mistake.

It was created by rabbitmq-c configure 0.5.0, which was
generated by GNU Autoconf 2.69.  Invocation command line was

  $ configure --disable-tools --disable-docs --disable-dependency-tracking

## --------- ##
## Platform. ##
## --------- ##

hostname = graintable.home
uname -m = x86_64
uname -r = 13.1.0
uname -s = Darwin
uname -v = Darwin Kernel Version 13.1.0: Thu Jan 16 19:40:37 PST 2014; root:xnu-2422.90.20~2/RELEASE_X86_64

/usr/bin/uname -p = i386
/bin/uname -X     = unknown

/bin/arch              = unknown
/usr/bin/arch -k       = unknown
/usr/convex/getsysinfo = unknown
/usr/bin/hostinfo      = Mach kernel version:
	 Darwin Kernel Version 13.1.0: Thu Jan 16 19:40:37 PST 2014; root:xnu-2422.90.20~2/RELEASE_X86_64
Kernel configured for up to 8 processors.
4 processors are physically available.
8 processors are logically available.
Processor type: i486 (Intel 80486)
Processors active: 0 1 2 3 4 5 6 7
Primary memory available: 16.00 gigabytes
Default processor set: 287 tasks, 1557 threads, 8 processors
Load average: 3.69, Mach factor: 4.38
/bin/machine           = unknown
/usr/bin/oslevel       = unknown
/bin/universe          = unknown

PATH: /Users/asksol/.virtualenvs/def/bin
PATH: /Library/Frameworks/Python.framework/Versions/3.4/bin
PATH: /Library/Frameworks/Python.framework/Versions/2.7/bin
PATH: /Library/Frameworks/Python.framework/Versions/2.7/bin
PATH: /Library/Frameworks/Python.framework/Versions/2.7/bin
PATH: /opt/pypy/bin
PATH: /Library/Frameworks/Python.framework/Versions/3.3/bin
PATH: /Library/Frameworks/Python.framework/Versions/2.7/bin
PATH: /usr/local/opt/ruby/bin
PATH: /opt/jython/bin
PATH: /System/Library/Frameworks/Ruby.framework/Versions/1.8/usr/bin
PATH: /usr/local/bin
PATH: /usr/local/sbin
PATH: /opt/rabbitmq/sbin
PATH: /Library/Frameworks/Python.framework/Versions/Current/bin
PATH: /opt/*/bin
PATH: /opt/*/sbin
PATH: /usr/bin
PATH: /bin
PATH: /usr/sbin
PATH: /sbin
PATH: /usr/local/MacGPG2/bin
PATH: /usr/texbin
PATH: /usr/libexec


## ----------- ##
## Core tests. ##
## ----------- ##

configure:2322: checking for a BSD-compatible install
configure:2390: result: /usr/local/bin/ginstall -c
configure:2401: checking whether build environment is sane
configure:2456: result: yes
configure:2607: checking for a thread-safe mkdir -p
configure:2646: result: /usr/local/bin/gmkdir -p
configure:2653: checking for gawk
configure:2683: result: no
configure:2653: checking for mawk
configure:2683: result: no
configure:2653: checking for nawk
configure:2683: result: no
configure:2653: checking for awk
configure:2669: found /usr/bin/awk
configure:2680: result: awk
configure:2691: checking whether make sets $(MAKE)
configure:2713: result: yes
configure:2742: checking whether make supports nested variables
configure:2759: result: yes
configure:2895: checking whether make supports nested variables
configure:2912: result: yes
configure:2936: checking for style of include used by make
configure:2964: result: GNU
configure:3035: checking for gcc
configure:3051: found /usr/bin/gcc
configure:3062: result: gcc
configure:3291: checking for C compiler version
configure:3300: gcc --version >&5
Apple LLVM version 5.1 (clang-503.0.40) (based on LLVM 3.4svn)
Target: x86_64-apple-darwin13.1.0
Thread model: posix
Configured with: --prefix=/Applications/Xcode.app/Contents/Developer/usr --with-gxx-include-dir=/usr/include/c++/4.2.1
configure:3311: $? = 0
configure:3300: gcc -v >&5
Configured with: --prefix=/Applications/Xcode.app/Contents/Developer/usr --with-gxx-include-dir=/usr/include/c++/4.2.1
Apple LLVM version 5.1 (clang-503.0.40) (based on LLVM 3.4svn)
Target: x86_64-apple-darwin13.1.0
Thread model: posix
configure:3311: $? = 0
configure:3300: gcc -V >&5
clang: error: argument to '-V' is missing (expected 1 value)
clang: error: no input files
configure:3311: $? = 1
configure:3300: gcc -qversion >&5
clang: error: unknown argument: '-qversion' [-Wunused-command-line-argument-hard-error-in-future]
clang: note: this will be a hard error (cannot be downgraded to a warning) in the future
clang: error: no input files
configure:3311: $? = 1
configure:3331: checking whether the C compiler works
configure:3353: gcc -L/usr/local/lib -I/usr/local/include -Os -fno-strict-aliasing -fno-common -dynamic   -g -Os -pipe -fno-common -fno-strict-aliasing -fwrapv  -DENABLE_DTRACE -DMACOSX -DNDEBUG  -Wstrict-prototypes -Wshorten-64-to-32 -DNDEBUG -g -fwrapv -Os  -Wstrict-prototypes -DENABLE_DTRACE -arch i386 -arch x86_64  -L/usr/local/lib              -Wl,-F. -arch i386 -arch x86_64 conftest.c  >&5
configure:3357: $? = 0
configure:3405: result: yes
configure:3408: checking for C compiler default output file name
configure:3410: result: a.out
configure:3416: checking for suffix of executables
configure:3423: gcc -o conftest -L/usr/local/lib -I/usr/local/include -Os -fno-strict-aliasing -fno-common -dynamic   -g -Os -pipe -fno-common -fno-strict-aliasing -fwrapv  -DENABLE_DTRACE -DMACOSX -DNDEBUG  -Wstrict-prototypes -Wshorten-64-to-32 -DNDEBUG -g -fwrapv -Os  -Wstrict-prototypes -DENABLE_DTRACE -arch i386 -arch x86_64  -L/usr/local/lib              -Wl,-F. -arch i386 -arch x86_64 conftest.c  >&5
configure:3427: $? = 0
configure:3449: result: 
configure:3471: checking whether we are cross compiling
configure:3479: gcc -o conftest -L/usr/local/lib -I/usr/local/include -Os -fno-strict-aliasing -fno-common -dynamic   -g -Os -pipe -fno-common -fno-strict-aliasing -fwrapv  -DENABLE_DTRACE -DMACOSX -DNDEBUG  -Wstrict-prototypes -Wshorten-64-to-32 -DNDEBUG -g -fwrapv -Os  -Wstrict-prototypes -DENABLE_DTRACE -arch i386 -arch x86_64  -L/usr/local/lib              -Wl,-F. -arch i386 -arch x86_64 conftest.c  >&5
configure:3483: $? = 0
configure:3490: ./conftest
configure:3494: $? = 0
configure:3509: result: no
configure:3514: checking for suffix of object files
configure:3536: gcc -c -L/usr/local/lib -I/usr/local/include -Os -fno-strict-aliasing -fno-common -dynamic   -g -Os -pipe -fno-common -fno-strict-aliasing -fwrapv  -DENABLE_DTRACE -DMACOSX -DNDEBUG  -Wstrict-prototypes -Wshorten-64-to-32 -DNDEBUG -g -fwrapv -Os  -Wstrict-prototypes -DENABLE_DTRACE -arch i386 -arch x86_64  conftest.c >&5
clang: warning: argument unused during compilation: '-L/usr/local/lib'
configure:3540: $? = 0
configure:3561: result: o
configure:3565: checking whether we are using the GNU C compiler
configure:3584: gcc -c -L/usr/local/lib -I/usr/local/include -Os -fno-strict-aliasing -fno-common -dynamic   -g -Os -pipe -fno-common -fno-strict-aliasing -fwrapv  -DENABLE_DTRACE -DMACOSX -DNDEBUG  -Wstrict-prototypes -Wshorten-64-to-32 -DNDEBUG -g -fwrapv -Os  -Wstrict-prototypes -DENABLE_DTRACE -arch i386 -arch x86_64  conftest.c >&5
clang: warning: argument unused during compilation: '-L/usr/local/lib'
configure:3584: $? = 0
configure:3593: result: yes
configure:3602: checking whether gcc accepts -g
configure:3622: gcc -c -g  conftest.c >&5
configure:3622: $? = 0
configure:3663: result: yes
configure:3680: checking for gcc option to accept ISO C89
configure:3743: gcc  -c -L/usr/local/lib -I/usr/local/include -Os -fno-strict-aliasing -fno-common -dynamic   -g -Os -pipe -fno-common -fno-strict-aliasing -fwrapv  -DENABLE_DTRACE -DMACOSX -DNDEBUG  -Wstrict-prototypes -Wshorten-64-to-32 -DNDEBUG -g -fwrapv -Os  -Wstrict-prototypes -DENABLE_DTRACE -arch i386 -arch x86_64  conftest.c >&5
clang: warning: argument unused during compilation: '-L/usr/local/lib'
configure:3743: $? = 0
configure:3756: result: none needed
configure:3781: checking whether gcc understands -c and -o together
configure:3803: gcc -c conftest.c -o conftest2.o
configure:3806: $? = 0
configure:3803: gcc -c conftest.c -o conftest2.o
configure:3806: $? = 0
configure:3818: result: yes
configure:3837: checking dependency style of gcc
configure:3948: result: none
configure:3969: checking how to run the C preprocessor
configure:4000: gcc -E  conftest.c
configure:4000: $? = 0
configure:4014: gcc -E  conftest.c
conftest.c:11:10: fatal error: 'ac_nonexistent.h' file not found
#include <ac_nonexistent.h>
         ^
1 error generated.
configure:4014: $? = 1
configure: failed program was:
| /* confdefs.h */
| #define PACKAGE_NAME "rabbitmq-c"
| #define PACKAGE_TARNAME "rabbitmq-c"
| #define PACKAGE_VERSION "0.5.0"
| #define PACKAGE_STRING "rabbitmq-c 0.5.0"
| #define PACKAGE_BUGREPORT "https://github.com/alanxz/rabbitmq-c/issues"
| #define PACKAGE_URL "http://www.rabbitmq.com/"
| #define PACKAGE "rabbitmq-c"
| #define VERSION "0.5.0"
| /* end confdefs.h.  */
| #include <ac_nonexistent.h>
configure:4039: result: gcc -E
configure:4059: gcc -E  conftest.c
configure:4059: $? = 0
configure:4073: gcc -E  conftest.c
conftest.c:11:10: fatal error: 'ac_nonexistent.h' file not found
#include <ac_nonexistent.h>
         ^
1 error generated.
configure:4073: $? = 1
configure: failed program was:
| /* confdefs.h */
| #define PACKAGE_NAME "rabbitmq-c"
| #define PACKAGE_TARNAME "rabbitmq-c"
| #define PACKAGE_VERSION "0.5.0"
| #define PACKAGE_STRING "rabbitmq-c 0.5.0"
| #define PACKAGE_BUGREPORT "https://github.com/alanxz/rabbitmq-c/issues"
| #define PACKAGE_URL "http://www.rabbitmq.com/"
| #define PACKAGE "rabbitmq-c"
| #define VERSION "0.5.0"
| /* end confdefs.h.  */
| #include <ac_nonexistent.h>
configure:4102: checking for grep that handles long lines and -e
configure:4160: result: /usr/bin/grep
configure:4165: checking for egrep
configure:4227: result: /usr/bin/grep -E
configure:4232: checking for ANSI C header files
configure:4252: gcc -c -L/usr/local/lib -I/usr/local/include -Os -fno-strict-aliasing -fno-common -dynamic   -g -Os -pipe -fno-common -fno-strict-aliasing -fwrapv  -DENABLE_DTRACE -DMACOSX -DNDEBUG  -Wstrict-prototypes -Wshorten-64-to-32 -DNDEBUG -g -fwrapv -Os  -Wstrict-prototypes -DENABLE_DTRACE -arch i386 -arch x86_64  conftest.c >&5
clang: warning: argument unused during compilation: '-L/usr/local/lib'
configure:4252: $? = 0
configure:4325: gcc -o conftest -L/usr/local/lib -I/usr/local/include -Os -fno-strict-aliasing -fno-common -dynamic   -g -Os -pipe -fno-common -fno-strict-aliasing -fwrapv  -DENABLE_DTRACE -DMACOSX -DNDEBUG  -Wstrict-prototypes -Wshorten-64-to-32 -DNDEBUG -g -fwrapv -Os  -Wstrict-prototypes -DENABLE_DTRACE -arch i386 -arch x86_64  -L/usr/local/lib              -Wl,-F. -arch i386 -arch x86_64 conftest.c  >&5
configure:4325: $? = 0
configure:4325: ./conftest
configure:4325: $? = 0
configure:4336: result: yes
configure:4349: checking for sys/types.h
configure:4349: gcc -c -L/usr/local/lib -I/usr/local/include -Os -fno-strict-aliasing -fno-common -dynamic   -g -Os -pipe -fno-common -fno-strict-aliasing -fwrapv  -DENABLE_DTRACE -DMACOSX -DNDEBUG  -Wstrict-prototypes -Wshorten-64-to-32 -DNDEBUG -g -fwrapv -Os  -Wstrict-prototypes -DENABLE_DTRACE -arch i386 -arch x86_64  conftest.c >&5
clang: warning: argument unused during compilation: '-L/usr/local/lib'
configure:4349: $? = 0
configure:4349: result: yes
configure:4349: checking for sys/stat.h
configure:4349: gcc -c -L/usr/local/lib -I/usr/local/include -Os -fno-strict-aliasing -fno-common -dynamic   -g -Os -pipe -fno-common -fno-strict-aliasing -fwrapv  -DENABLE_DTRACE -DMACOSX -DNDEBUG  -Wstrict-prototypes -Wshorten-64-to-32 -DNDEBUG -g -fwrapv -Os  -Wstrict-prototypes -DENABLE_DTRACE -arch i386 -arch x86_64  conftest.c >&5
clang: warning: argument unused during compilation: '-L/usr/local/lib'
configure:4349: $? = 0
configure:4349: result: yes
configure:4349: checking for stdlib.h
configure:4349: gcc -c -L/usr/local/lib -I/usr/local/include -Os -fno-strict-aliasing -fno-common -dynamic   -g -Os -pipe -fno-common -fno-strict-aliasing -fwrapv  -DENABLE_DTRACE -DMACOSX -DNDEBUG  -Wstrict-prototypes -Wshorten-64-to-32 -DNDEBUG -g -fwrapv -Os  -Wstrict-prototypes -DENABLE_DTRACE -arch i386 -arch x86_64  conftest.c >&5
clang: warning: argument unused during compilation: '-L/usr/local/lib'
configure:4349: $? = 0
configure:4349: result: yes
configure:4349: checking for string.h
configure:4349: gcc -c -L/usr/local/lib -I/usr/local/include -Os -fno-strict-aliasing -fno-common -dynamic   -g -Os -pipe -fno-common -fno-strict-aliasing -fwrapv  -DENABLE_DTRACE -DMACOSX -DNDEBUG  -Wstrict-prototypes -Wshorten-64-to-32 -DNDEBUG -g -fwrapv -Os  -Wstrict-prototypes -DENABLE_DTRACE -arch i386 -arch x86_64  conftest.c >&5
clang: warning: argument unused during compilation: '-L/usr/local/lib'
configure:4349: $? = 0
configure:4349: result: yes
configure:4349: checking for memory.h
configure:4349: gcc -c -L/usr/local/lib -I/usr/local/include -Os -fno-strict-aliasing -fno-common -dynamic   -g -Os -pipe -fno-common -fno-strict-aliasing -fwrapv  -DENABLE_DTRACE -DMACOSX -DNDEBUG  -Wstrict-prototypes -Wshorten-64-to-32 -DNDEBUG -g -fwrapv -Os  -Wstrict-prototypes -DENABLE_DTRACE -arch i386 -arch x86_64  conftest.c >&5
clang: warning: argument unused during compilation: '-L/usr/local/lib'
configure:4349: $? = 0
configure:4349: result: yes
configure:4349: checking for strings.h
configure:4349: gcc -c -L/usr/local/lib -I/usr/local/include -Os -fno-strict-aliasing -fno-common -dynamic   -g -Os -pipe -fno-common -fno-strict-aliasing -fwrapv  -DENABLE_DTRACE -DMACOSX -DNDEBUG  -Wstrict-prototypes -Wshorten-64-to-32 -DNDEBUG -g -fwrapv -Os  -Wstrict-prototypes -DENABLE_DTRACE -arch i386 -arch x86_64  conftest.c >&5
clang: warning: argument unused during compilation: '-L/usr/local/lib'
configure:4349: $? = 0
configure:4349: result: yes
configure:4349: checking for inttypes.h
configure:4349: gcc -c -L/usr/local/lib -I/usr/local/include -Os -fno-strict-aliasing -fno-common -dynamic   -g -Os -pipe -fno-common -fno-strict-aliasing -fwrapv  -DENABLE_DTRACE -DMACOSX -DNDEBUG  -Wstrict-prototypes -Wshorten-64-to-32 -DNDEBUG -g -fwrapv -Os  -Wstrict-prototypes -DENABLE_DTRACE -arch i386 -arch x86_64  conftest.c >&5
clang: warning: argument unused during compilation: '-L/usr/local/lib'
configure:4349: $? = 0
configure:4349: result: yes
configure:4349: checking for stdint.h
configure:4349: gcc -c -L/usr/local/lib -I/usr/local/include -Os -fno-strict-aliasing -fno-common -dynamic   -g -Os -pipe -fno-common -fno-strict-aliasing -fwrapv  -DENABLE_DTRACE -DMACOSX -DNDEBUG  -Wstrict-prototypes -Wshorten-64-to-32 -DNDEBUG -g -fwrapv -Os  -Wstrict-prototypes -DENABLE_DTRACE -arch i386 -arch x86_64  conftest.c >&5
clang: warning: argument unused during compilation: '-L/usr/local/lib'
configure:4349: $? = 0
configure:4349: result: yes
configure:4349: checking for unistd.h
configure:4349: gcc -c -L/usr/local/lib -I/usr/local/include -Os -fno-strict-aliasing -fno-common -dynamic   -g -Os -pipe -fno-common -fno-strict-aliasing -fwrapv  -DENABLE_DTRACE -DMACOSX -DNDEBUG  -Wstrict-prototypes -Wshorten-64-to-32 -DNDEBUG -g -fwrapv -Os  -Wstrict-prototypes -DENABLE_DTRACE -arch i386 -arch x86_64  conftest.c >&5
clang: warning: argument unused during compilation: '-L/usr/local/lib'
configure:4349: $? = 0
configure:4349: result: yes
configure:4362: checking minix/config.h usability
configure:4362: gcc -c -L/usr/local/lib -I/usr/local/include -Os -fno-strict-aliasing -fno-common -dynamic   -g -Os -pipe -fno-common -fno-strict-aliasing -fwrapv  -DENABLE_DTRACE -DMACOSX -DNDEBUG  -Wstrict-prototypes -Wshorten-64-to-32 -DNDEBUG -g -fwrapv -Os  -Wstrict-prototypes -DENABLE_DTRACE -arch i386 -arch x86_64  conftest.c >&5
clang: warning: argument unused during compilation: '-L/usr/local/lib'
conftest.c:54:10: fatal error: 'minix/config.h' file not found
#include <minix/config.h>
         ^
1 error generated.
configure:4362: $? = 1
configure: failed program was:
| /* confdefs.h */
| #define PACKAGE_NAME "rabbitmq-c"
| #define PACKAGE_TARNAME "rabbitmq-c"
| #define PACKAGE_VERSION "0.5.0"
| #define PACKAGE_STRING "rabbitmq-c 0.5.0"
| #define PACKAGE_BUGREPORT "https://github.com/alanxz/rabbitmq-c/issues"
| #define PACKAGE_URL "http://www.rabbitmq.com/"
| #define PACKAGE "rabbitmq-c"
| #define VERSION "0.5.0"
| #define STDC_HEADERS 1
| #define HAVE_SYS_TYPES_H 1
| #define HAVE_SYS_STAT_H 1
| #define HAVE_STDLIB_H 1
| #define HAVE_STRING_H 1
| #define HAVE_MEMORY_H 1
| #define HAVE_STRINGS_H 1
| #define HAVE_INTTYPES_H 1
| #define HAVE_STDINT_H 1
| #define HAVE_UNISTD_H 1
| /* end confdefs.h.  */
| #include <stdio.h>
| #ifdef HAVE_SYS_TYPES_H
| # include <sys/types.h>
| #endif
| #ifdef HAVE_SYS_STAT_H
| # include <sys/stat.h>
| #endif
| #ifdef STDC_HEADERS
| # include <stdlib.h>
| # include <stddef.h>
| #else
| # ifdef HAVE_STDLIB_H
| #  include <stdlib.h>
| # endif
| #endif
| #ifdef HAVE_STRING_H
| # if !defined STDC_HEADERS && defined HAVE_MEMORY_H
| #  include <memory.h>
| # endif
| # include <string.h>
| #endif
| #ifdef HAVE_STRINGS_H
| # include <strings.h>
| #endif
| #ifdef HAVE_INTTYPES_H
| # include <inttypes.h>
| #endif
| #ifdef HAVE_STDINT_H
| # include <stdint.h>
| #endif
| #ifdef HAVE_UNISTD_H
| # include <unistd.h>
| #endif
| #include <minix/config.h>
configure:4362: result: no
configure:4362: checking minix/config.h presence
configure:4362: gcc -E  conftest.c
conftest.c:21:10: fatal error: 'minix/config.h' file not found
#include <minix/config.h>
         ^
1 error generated.
configure:4362: $? = 1
configure: failed program was:
| /* confdefs.h */
| #define PACKAGE_NAME "rabbitmq-c"
| #define PACKAGE_TARNAME "rabbitmq-c"
| #define PACKAGE_VERSION "0.5.0"
| #define PACKAGE_STRING "rabbitmq-c 0.5.0"
| #define PACKAGE_BUGREPORT "https://github.com/alanxz/rabbitmq-c/issues"
| #define PACKAGE_URL "http://www.rabbitmq.com/"
| #define PACKAGE "rabbitmq-c"
| #define VERSION "0.5.0"
| #define STDC_HEADERS 1
| #define HAVE_SYS_TYPES_H 1
| #define HAVE_SYS_STAT_H 1
| #define HAVE_STDLIB_H 1
| #define HAVE_STRING_H 1
| #define HAVE_MEMORY_H 1
| #define HAVE_STRINGS_H 1
| #define HAVE_INTTYPES_H 1
| #define HAVE_STDINT_H 1
| #define HAVE_UNISTD_H 1
| /* end confdefs.h.  */
| #include <minix/config.h>
configure:4362: result: no
configure:4362: checking for minix/config.h
configure:4362: result: no
configure:4383: checking whether it is safe to define __EXTENSIONS__
configure:4401: gcc -c -L/usr/local/lib -I/usr/local/include -Os -fno-strict-aliasing -fno-common -dynamic   -g -Os -pipe -fno-common -fno-strict-aliasing -fwrapv  -DENABLE_DTRACE -DMACOSX -DNDEBUG  -Wstrict-prototypes -Wshorten-64-to-32 -DNDEBUG -g -fwrapv -Os  -Wstrict-prototypes -DENABLE_DTRACE -arch i386 -arch x86_64  conftest.c >&5
clang: warning: argument unused during compilation: '-L/usr/local/lib'
configure:4401: $? = 0
configure:4408: result: yes
configure:4455: checking build system type
configure:4469: result: x86_64-apple-darwin13.1.0
configure:4489: checking host system type
configure:4502: result: x86_64-apple-darwin13.1.0
configure:4543: checking how to print strings
configure:4570: result: printf
configure:4591: checking for a sed that does not truncate output
configure:4655: result: /usr/bin/sed
configure:4673: checking for fgrep
configure:4735: result: /usr/bin/grep -F
configure:4770: checking for ld used by gcc
configure:4837: result: /Applications/Xcode.app/Contents/Developer/Toolchains/XcodeDefault.xctoolchain/usr/bin/ld
configure:4844: checking if the linker (/Applications/Xcode.app/Contents/Developer/Toolchains/XcodeDefault.xctoolchain/usr/bin/ld) is GNU ld
configure:4859: result: no
configure:4871: checking for BSD- or MS-compatible name lister (nm)
configure:4920: result: /usr/bin/nm
configure:5050: checking the name lister (/usr/bin/nm) interface
configure:5057: gcc -c -L/usr/local/lib -I/usr/local/include -Os -fno-strict-aliasing -fno-common -dynamic   -g -Os -pipe -fno-common -fno-strict-aliasing -fwrapv  -DENABLE_DTRACE -DMACOSX -DNDEBUG  -Wstrict-prototypes -Wshorten-64-to-32 -DNDEBUG -g -fwrapv -Os  -Wstrict-prototypes -DENABLE_DTRACE -arch i386 -arch x86_64  conftest.c >&5
clang: warning: argument unused during compilation: '-L/usr/local/lib'
configure:5060: /usr/bin/nm "conftest.o"
configure:5063: output
000000000000021c S _some_variable
configure:5070: result: BSD nm
configure:5073: checking whether ln -s works
configure:5077: result: yes
configure:5085: checking the maximum length of command line arguments
configure:5215: result: 196608
configure:5232: checking whether the shell understands some XSI constructs
configure:5242: result: yes
configure:5246: checking whether the shell understands "+="
configure:5252: result: yes
configure:5287: checking how to convert x86_64-apple-darwin13.1.0 file names to x86_64-apple-darwin13.1.0 format
configure:5327: result: func_convert_file_noop
configure:5334: checking how to convert x86_64-apple-darwin13.1.0 file names to toolchain format
configure:5354: result: func_convert_file_noop
configure:5361: checking for /Applications/Xcode.app/Contents/Developer/Toolchains/XcodeDefault.xctoolchain/usr/bin/ld option to reload object files
configure:5368: result: -r
configure:5442: checking for objdump
configure:5472: result: no
configure:5498: checking how to recognize dependent libraries
configure:5700: result: pass_all
configure:5785: checking for dlltool
configure:5815: result: no
configure:5842: checking how to associate runtime and link libraries
configure:5869: result: printf %s\n
configure:5929: checking for ar
configure:5945: found /usr/bin/ar
configure:5956: result: ar
configure:5993: checking for archiver @FILE support
configure:6010: gcc -c -L/usr/local/lib -I/usr/local/include -Os -fno-strict-aliasing -fno-common -dynamic   -g -Os -pipe -fno-common -fno-strict-aliasing -fwrapv  -DENABLE_DTRACE -DMACOSX -DNDEBUG  -Wstrict-prototypes -Wshorten-64-to-32 -DNDEBUG -g -fwrapv -Os  -Wstrict-prototypes -DENABLE_DTRACE -arch i386 -arch x86_64  conftest.c >&5
clang: warning: argument unused during compilation: '-L/usr/local/lib'
configure:6010: $? = 0
configure:6013: ar cru libconftest.a @conftest.lst >&5
ar: @conftest.lst: No such file or directory
configure:6016: $? = 1
configure:6036: result: no
configure:6094: checking for strip
configure:6110: found /usr/bin/strip
configure:6121: result: strip
configure:6193: checking for ranlib
configure:6209: found /usr/bin/ranlib
configure:6220: result: ranlib
configure:6322: checking command to parse /usr/bin/nm output from gcc object
configure:6442: gcc -c -L/usr/local/lib -I/usr/local/include -Os -fno-strict-aliasing -fno-common -dynamic   -g -Os -pipe -fno-common -fno-strict-aliasing -fwrapv  -DENABLE_DTRACE -DMACOSX -DNDEBUG  -Wstrict-prototypes -Wshorten-64-to-32 -DNDEBUG -g -fwrapv -Os  -Wstrict-prototypes -DENABLE_DTRACE -arch i386 -arch x86_64  conftest.c >&5
clang: warning: argument unused during compilation: '-L/usr/local/lib'
configure:6445: $? = 0
configure:6449: /usr/bin/nm conftest.o \| sed -n -e 's/^.*[ ]\([BCDEGRST][BCDEGRST]*\)[ ][ ]*\([_A-Za-z][_A-Za-z0-9]*\)$/\1 \2 \2/p' | sed '/ __gnu_lto/d' \> conftest.nm
configure:6452: $? = 0
cannot find nm_test_var in conftest.nm
configure:6442: gcc -c -L/usr/local/lib -I/usr/local/include -Os -fno-strict-aliasing -fno-common -dynamic   -g -Os -pipe -fno-common -fno-strict-aliasing -fwrapv  -DENABLE_DTRACE -DMACOSX -DNDEBUG  -Wstrict-prototypes -Wshorten-64-to-32 -DNDEBUG -g -fwrapv -Os  -Wstrict-prototypes -DENABLE_DTRACE -arch i386 -arch x86_64  conftest.c >&5
clang: warning: argument unused during compilation: '-L/usr/local/lib'
configure:6445: $? = 0
configure:6449: /usr/bin/nm conftest.o \| sed -n -e 's/^.*[ ]\([BCDEGRST][BCDEGRST]*\)[ ][ ]*_\([_A-Za-z][_A-Za-z0-9]*\)$/\1 _\2 \2/p' | sed '/ __gnu_lto/d' \> conftest.nm
configure:6452: $? = 0
configure:6518: gcc -o conftest -L/usr/local/lib -I/usr/local/include -Os -fno-strict-aliasing -fno-common -dynamic   -g -Os -pipe -fno-common -fno-strict-aliasing -fwrapv  -DENABLE_DTRACE -DMACOSX -DNDEBUG  -Wstrict-prototypes -Wshorten-64-to-32 -DNDEBUG -g -fwrapv -Os  -Wstrict-prototypes -DENABLE_DTRACE -arch i386 -arch x86_64  -L/usr/local/lib              -Wl,-F. -arch i386 -arch x86_64 conftest.c conftstm.o >&5
configure:6521: $? = 0
configure:6559: result: ok
configure:6596: checking for sysroot
configure:6626: result: no
configure:6882: checking for mt
configure:6912: result: no
configure:6932: checking if : is a manifest tool
configure:6938: : '-?'
configure:6946: result: no
configure:7002: checking for dsymutil
configure:7018: found /usr/bin/dsymutil
configure:7029: result: dsymutil
configure:7094: checking for nmedit
configure:7110: found /usr/bin/nmedit
configure:7121: result: nmedit
configure:7186: checking for lipo
configure:7202: found /usr/bin/lipo
configure:7213: result: lipo
configure:7278: checking for otool
configure:7294: found /usr/bin/otool
configure:7305: result: otool
configure:7370: checking for otool64
configure:7400: result: no
configure:7445: checking for -single_module linker flag
gcc -L/usr/local/lib -I/usr/local/include -Os -fno-strict-aliasing -fno-common -dynamic   -g -Os -pipe -fno-common -fno-strict-aliasing -fwrapv  -DENABLE_DTRACE -DMACOSX -DNDEBUG  -Wstrict-prototypes -Wshorten-64-to-32 -DNDEBUG -g -fwrapv -Os  -Wstrict-prototypes -DENABLE_DTRACE -arch i386 -arch x86_64 -L/usr/local/lib              -Wl,-F. -arch i386 -arch x86_64 -o libconftest.dylib -dynamiclib -Wl,-single_module conftest.c
configure:7478: result: yes
configure:7481: checking for -exported_symbols_list linker flag
configure:7501: gcc -o conftest -L/usr/local/lib -I/usr/local/include -Os -fno-strict-aliasing -fno-common -dynamic   -g -Os -pipe -fno-common -fno-strict-aliasing -fwrapv  -DENABLE_DTRACE -DMACOSX -DNDEBUG  -Wstrict-prototypes -Wshorten-64-to-32 -DNDEBUG -g -fwrapv -Os  -Wstrict-prototypes -DENABLE_DTRACE -arch i386 -arch x86_64  -L/usr/local/lib              -Wl,-F. -arch i386 -arch x86_64 -Wl,-exported_symbols_list,conftest.sym conftest.c  >&5
configure:7501: $? = 0
configure:7511: result: yes
configure:7514: checking for -force_load linker flag
gcc -L/usr/local/lib -I/usr/local/include -Os -fno-strict-aliasing -fno-common -dynamic   -g -Os -pipe -fno-common -fno-strict-aliasing -fwrapv  -DENABLE_DTRACE -DMACOSX -DNDEBUG  -Wstrict-prototypes -Wshorten-64-to-32 -DNDEBUG -g -fwrapv -Os  -Wstrict-prototypes -DENABLE_DTRACE -arch i386 -arch x86_64 -c -o conftest.o conftest.c
clang: warning: argument unused during compilation: '-L/usr/local/lib'
ar cru libconftest.a conftest.o
ranlib libconftest.a
gcc -L/usr/local/lib -I/usr/local/include -Os -fno-strict-aliasing -fno-common -dynamic   -g -Os -pipe -fno-common -fno-strict-aliasing -fwrapv  -DENABLE_DTRACE -DMACOSX -DNDEBUG  -Wstrict-prototypes -Wshorten-64-to-32 -DNDEBUG -g -fwrapv -Os  -Wstrict-prototypes -DENABLE_DTRACE -arch i386 -arch x86_64 -L/usr/local/lib              -Wl,-F. -arch i386 -arch x86_64 -o conftest conftest.c -Wl,-force_load,./libconftest.a
configure:7546: result: yes
configure:7585: checking for dlfcn.h
configure:7585: gcc -c -L/usr/local/lib -I/usr/local/include -Os -fno-strict-aliasing -fno-common -dynamic   -g -Os -pipe -fno-common -fno-strict-aliasing -fwrapv  -DENABLE_DTRACE -DMACOSX -DNDEBUG  -Wstrict-prototypes -Wshorten-64-to-32 -DNDEBUG -g -fwrapv -Os  -Wstrict-prototypes -DENABLE_DTRACE -arch i386 -arch x86_64  conftest.c >&5
clang: warning: argument unused during compilation: '-L/usr/local/lib'
configure:7585: $? = 0
configure:7585: result: yes
configure:8088: checking for objdir
configure:8103: result: .libs
configure:8374: checking if gcc supports -fno-rtti -fno-exceptions
configure:8392: gcc -c -L/usr/local/lib -I/usr/local/include -Os -fno-strict-aliasing -fno-common -dynamic   -g -Os -pipe -fno-common -fno-strict-aliasing -fwrapv  -DENABLE_DTRACE -DMACOSX -DNDEBUG  -Wstrict-prototypes -Wshorten-64-to-32 -DNDEBUG -g -fwrapv -Os  -Wstrict-prototypes -DENABLE_DTRACE -arch i386 -arch x86_64  -fno-rtti -fno-exceptions conftest.c >&5
clang: warning: argument unused during compilation: '-L/usr/local/lib'
configure:8396: $? = 0
configure:8409: result: yes
configure:8736: checking for gcc option to produce PIC
configure:8743: result: -fno-common -DPIC
configure:8751: checking if gcc PIC flag -fno-common -DPIC works
configure:8769: gcc -c -L/usr/local/lib -I/usr/local/include -Os -fno-strict-aliasing -fno-common -dynamic   -g -Os -pipe -fno-common -fno-strict-aliasing -fwrapv  -DENABLE_DTRACE -DMACOSX -DNDEBUG  -Wstrict-prototypes -Wshorten-64-to-32 -DNDEBUG -g -fwrapv -Os  -Wstrict-prototypes -DENABLE_DTRACE -arch i386 -arch x86_64  -fno-common -DPIC -DPIC conftest.c >&5
clang: warning: argument unused during compilation: '-L/usr/local/lib'
configure:8773: $? = 0
configure:8786: result: yes
configure:8815: checking if gcc static flag -static works
configure:8843: result: no
configure:8858: checking if gcc supports -c -o file.o
configure:8879: gcc -c -L/usr/local/lib -I/usr/local/include -Os -fno-strict-aliasing -fno-common -dynamic   -g -Os -pipe -fno-common -fno-strict-aliasing -fwrapv  -DENABLE_DTRACE -DMACOSX -DNDEBUG  -Wstrict-prototypes -Wshorten-64-to-32 -DNDEBUG -g -fwrapv -Os  -Wstrict-prototypes -DENABLE_DTRACE -arch i386 -arch x86_64  -o out/conftest2.o conftest.c >&5
clang: warning: argument unused during compilation: '-L/usr/local/lib'
configure:8883: $? = 0
configure:8905: result: yes
configure:8913: checking if gcc supports -c -o file.o
configure:8960: result: yes
configure:8993: checking whether the gcc linker (/Applications/Xcode.app/Contents/Developer/Toolchains/XcodeDefault.xctoolchain/usr/bin/ld) supports shared libraries
configure:10146: result: yes
configure:10386: checking dynamic linker characteristics
configure:11119: result: darwin13.1.0 dyld
configure:11226: checking how to hardcode library paths into programs
configure:11251: result: immediate
configure:11791: checking whether stripping libraries is possible
configure:11805: result: yes
configure:11831: checking if libtool supports shared libraries
configure:11833: result: yes
configure:11836: checking whether to build shared libraries
configure:11857: result: yes
configure:11860: checking whether to build static libraries
configure:11864: result: no
configure:11903: checking for gcc option to accept ISO C99
configure:12052: gcc  -c -L/usr/local/lib -I/usr/local/include -Os -fno-strict-aliasing -fno-common -dynamic   -g -Os -pipe -fno-common -fno-strict-aliasing -fwrapv  -DENABLE_DTRACE -DMACOSX -DNDEBUG  -Wstrict-prototypes -Wshorten-64-to-32 -DNDEBUG -g -fwrapv -Os  -Wstrict-prototypes -DENABLE_DTRACE -arch i386 -arch x86_64  conftest.c >&5
clang: warning: argument unused during compilation: '-L/usr/local/lib'
configure:12052: $? = 0
configure:12065: result: none needed
configure:12134: checking for pkg-config
configure:12152: found /usr/local/bin/pkg-config
configure:12164: result: /usr/local/bin/pkg-config
configure:12189: checking pkg-config is at least version 0.17
configure:12192: result: yes
configure:12203: checking for inline
configure:12219: gcc -c -L/usr/local/lib -I/usr/local/include -Os -fno-strict-aliasing -fno-common -dynamic   -g -Os -pipe -fno-common -fno-strict-aliasing -fwrapv  -DENABLE_DTRACE -DMACOSX -DNDEBUG  -Wstrict-prototypes -Wshorten-64-to-32 -DNDEBUG -g -fwrapv -Os  -Wstrict-prototypes -DENABLE_DTRACE -arch i386 -arch x86_64  conftest.c >&5
clang: warning: argument unused during compilation: '-L/usr/local/lib'
configure:12219: $? = 0
configure:12227: result: inline
configure:12250: checking if compiler accepts '-Wall'
configure:12263: gcc -c -Wall -L/usr/local/lib -I/usr/local/include -Os -fno-strict-aliasing -fno-common -dynamic   -g -Os -pipe -fno-common -fno-strict-aliasing -fwrapv  -DENABLE_DTRACE -DMACOSX -DNDEBUG  -Wstrict-prototypes -Wshorten-64-to-32 -DNDEBUG -g -fwrapv -Os  -Wstrict-prototypes -DENABLE_DTRACE -arch i386 -arch x86_64  conftest.c >&5
clang: warning: argument unused during compilation: '-L/usr/local/lib'
configure:12263: $? = 0
configure:12264: result: yes
configure:12287: checking if compiler accepts '-Wextra'
configure:12300: gcc -c -Wextra -L/usr/local/lib -I/usr/local/include -Os -fno-strict-aliasing -fno-common -dynamic   -g -Os -pipe -fno-common -fno-strict-aliasing -fwrapv  -DENABLE_DTRACE -DMACOSX -DNDEBUG  -Wstrict-prototypes -Wshorten-64-to-32 -DNDEBUG -g -fwrapv -Os  -Wstrict-prototypes -DENABLE_DTRACE -arch i386 -arch x86_64 -Wall  conftest.c >&5
clang: warning: argument unused during compilation: '-L/usr/local/lib'
configure:12300: $? = 0
configure:12301: result: yes
configure:12324: checking if compiler accepts '-pedantic'
configure:12337: gcc -c -pedantic -L/usr/local/lib -I/usr/local/include -Os -fno-strict-aliasing -fno-common -dynamic   -g -Os -pipe -fno-common -fno-strict-aliasing -fwrapv  -DENABLE_DTRACE -DMACOSX -DNDEBUG  -Wstrict-prototypes -Wshorten-64-to-32 -DNDEBUG -g -fwrapv -Os  -Wstrict-prototypes -DENABLE_DTRACE -arch i386 -arch x86_64 -Wall -Wextra  conftest.c >&5
clang: warning: argument unused during compilation: '-L/usr/local/lib'
configure:12337: $? = 0
configure:12338: result: yes
configure:12361: checking if compiler accepts '-Wstrict-prototypes'
configure:12374: gcc -c -Wstrict-prototypes -L/usr/local/lib -I/usr/local/include -Os -fno-strict-aliasing -fno-common -dynamic   -g -Os -pipe -fno-common -fno-strict-aliasing -fwrapv  -DENABLE_DTRACE -DMACOSX -DNDEBUG  -Wstrict-prototypes -Wshorten-64-to-32 -DNDEBUG -g -fwrapv -Os  -Wstrict-prototypes -DENABLE_DTRACE -arch i386 -arch x86_64 -Wall -Wextra -pedantic  conftest.c >&5
clang: warning: argument unused during compilation: '-L/usr/local/lib'
configure:12374: $? = 0
configure:12375: result: yes
configure:12398: checking if compiler accepts '-Wcast-align'
configure:12411: gcc -c -Wcast-align -L/usr/local/lib -I/usr/local/include -Os -fno-strict-aliasing -fno-common -dynamic   -g -Os -pipe -fno-common -fno-strict-aliasing -fwrapv  -DENABLE_DTRACE -DMACOSX -DNDEBUG  -Wstrict-prototypes -Wshorten-64-to-32 -DNDEBUG -g -fwrapv -Os  -Wstrict-prototypes -DENABLE_DTRACE -arch i386 -arch x86_64 -Wall -Wextra -pedantic  conftest.c >&5
clang: warning: argument unused during compilation: '-L/usr/local/lib'
configure:12411: $? = 0
configure:12412: result: yes
configure:12435: checking if compiler accepts '-fno-common'
configure:12448: gcc -c -fno-common -L/usr/local/lib -I/usr/local/include -Os -fno-strict-aliasing -fno-common -dynamic   -g -Os -pipe -fno-common -fno-strict-aliasing -fwrapv  -DENABLE_DTRACE -DMACOSX -DNDEBUG  -Wstrict-prototypes -Wshorten-64-to-32 -DNDEBUG -g -fwrapv -Os  -Wstrict-prototypes -DENABLE_DTRACE -arch i386 -arch x86_64 -Wall -Wextra -pedantic -Wcast-align  conftest.c >&5
clang: warning: argument unused during compilation: '-L/usr/local/lib'
configure:12448: $? = 0
configure:12449: result: yes
configure:12472: checking if compiler accepts '-fvisibility=hidden'
configure:12485: gcc -c -fvisibility=hidden -L/usr/local/lib -I/usr/local/include -Os -fno-strict-aliasing -fno-common -dynamic   -g -Os -pipe -fno-common -fno-strict-aliasing -fwrapv  -DENABLE_DTRACE -DMACOSX -DNDEBUG  -Wstrict-prototypes -Wshorten-64-to-32 -DNDEBUG -g -fwrapv -Os  -Wstrict-prototypes -DENABLE_DTRACE -arch i386 -arch x86_64 -Wall -Wextra -pedantic -Wcast-align  conftest.c >&5
clang: warning: argument unused during compilation: '-L/usr/local/lib'
configure:12485: $? = 0
configure:12486: result: yes
configure:12508: checking if linker accepts '-no-undefined'
configure:12521: gcc -o conftest -L/usr/local/lib -I/usr/local/include -Os -fno-strict-aliasing -fno-common -dynamic   -g -Os -pipe -fno-common -fno-strict-aliasing -fwrapv  -DENABLE_DTRACE -DMACOSX -DNDEBUG  -Wstrict-prototypes -Wshorten-64-to-32 -DNDEBUG -g -fwrapv -Os  -Wstrict-prototypes -DENABLE_DTRACE -arch i386 -arch x86_64 -Wall -Wextra -pedantic -Wcast-align -fvisibility=hidden  -no-undefined -L/usr/local/lib              -Wl,-F. -arch i386 -arch x86_64 conftest.c  >&5
clang: error: unknown argument: '-no-undefined' [-Wunused-command-line-argument-hard-error-in-future]
clang: note: this will be a hard error (cannot be downgraded to a warning) in the future
configure:12521: $? = 1
configure: failed program was:
| /* confdefs.h */
| #define PACKAGE_NAME "rabbitmq-c"
| #define PACKAGE_TARNAME "rabbitmq-c"
| #define PACKAGE_VERSION "0.5.0"
| #define PACKAGE_STRING "rabbitmq-c 0.5.0"
| #define PACKAGE_BUGREPORT "https://github.com/alanxz/rabbitmq-c/issues"
| #define PACKAGE_URL "http://www.rabbitmq.com/"
| #define PACKAGE "rabbitmq-c"
| #define VERSION "0.5.0"
| #define STDC_HEADERS 1
| #define HAVE_SYS_TYPES_H 1
| #define HAVE_SYS_STAT_H 1
| #define HAVE_STDLIB_H 1
| #define HAVE_STRING_H 1
| #define HAVE_MEMORY_H 1
| #define HAVE_STRINGS_H 1
| #define HAVE_INTTYPES_H 1
| #define HAVE_STDINT_H 1
| #define HAVE_UNISTD_H 1
| #define __EXTENSIONS__ 1
| #define _ALL_SOURCE 1
| #define _GNU_SOURCE 1
| #define _POSIX_PTHREAD_SEMANTICS 1
| #define _TANDEM_SOURCE 1
| #define HAVE_DLFCN_H 1
| #define LT_OBJDIR ".libs/"
| /* end confdefs.h.  */
| 
| int
| main ()
| {
| 
|   ;
|   return 0;
| }
configure:12527: result: no
configure:12620: checking for library containing getaddrinfo
configure:12651: gcc -o conftest -L/usr/local/lib -I/usr/local/include -Os -fno-strict-aliasing -fno-common -dynamic   -g -Os -pipe -fno-common -fno-strict-aliasing -fwrapv  -DENABLE_DTRACE -DMACOSX -DNDEBUG  -Wstrict-prototypes -Wshorten-64-to-32 -DNDEBUG -g -fwrapv -Os  -Wstrict-prototypes -DENABLE_DTRACE -arch i386 -arch x86_64 -Wall -Wextra -pedantic -Wcast-align -fvisibility=hidden  -L/usr/local/lib              -Wl,-F. -arch i386 -arch x86_64 conftest.c  >&5
configure:12651: $? = 0
configure:12668: result: none required
configure:12719: checking for library containing socket
configure:12750: gcc -o conftest -L/usr/local/lib -I/usr/local/include -Os -fno-strict-aliasing -fno-common -dynamic   -g -Os -pipe -fno-common -fno-strict-aliasing -fwrapv  -DENABLE_DTRACE -DMACOSX -DNDEBUG  -Wstrict-prototypes -Wshorten-64-to-32 -DNDEBUG -g -fwrapv -Os  -Wstrict-prototypes -DENABLE_DTRACE -arch i386 -arch x86_64 -Wall -Wextra -pedantic -Wcast-align -fvisibility=hidden  -L/usr/local/lib              -Wl,-F. -arch i386 -arch x86_64 conftest.c  >&5
configure:12750: $? = 0
configure:12767: result: none required
configure:12818: checking for library containing clock_gettime
configure:12849: gcc -o conftest -L/usr/local/lib -I/usr/local/include -Os -fno-strict-aliasing -fno-common -dynamic   -g -Os -pipe -fno-common -fno-strict-aliasing -fwrapv  -DENABLE_DTRACE -DMACOSX -DNDEBUG  -Wstrict-prototypes -Wshorten-64-to-32 -DNDEBUG -g -fwrapv -Os  -Wstrict-prototypes -DENABLE_DTRACE -arch i386 -arch x86_64 -Wall -Wextra -pedantic -Wcast-align -fvisibility=hidden  -L/usr/local/lib              -Wl,-F. -arch i386 -arch x86_64 conftest.c  >&5
Undefined symbols for architecture i386:
  "_clock_gettime", referenced from:
      _main in conftest-4a1368.o
ld: symbol(s) not found for architecture i386
clang: error: linker command failed with exit code 1 (use -v to see invocation)
configure:12849: $? = 1
configure: failed program was:
| /* confdefs.h */
| #define PACKAGE_NAME "rabbitmq-c"
| #define PACKAGE_TARNAME "rabbitmq-c"
| #define PACKAGE_VERSION "0.5.0"
| #define PACKAGE_STRING "rabbitmq-c 0.5.0"
| #define PACKAGE_BUGREPORT "https://github.com/alanxz/rabbitmq-c/issues"
| #define PACKAGE_URL "http://www.rabbitmq.com/"
| #define PACKAGE "rabbitmq-c"
| #define VERSION "0.5.0"
| #define STDC_HEADERS 1
| #define HAVE_SYS_TYPES_H 1
| #define HAVE_SYS_STAT_H 1
| #define HAVE_STDLIB_H 1
| #define HAVE_STRING_H 1
| #define HAVE_MEMORY_H 1
| #define HAVE_STRINGS_H 1
| #define HAVE_INTTYPES_H 1
| #define HAVE_STDINT_H 1
| #define HAVE_UNISTD_H 1
| #define __EXTENSIONS__ 1
| #define _ALL_SOURCE 1
| #define _GNU_SOURCE 1
| #define _POSIX_PTHREAD_SEMANTICS 1
| #define _TANDEM_SOURCE 1
| #define HAVE_DLFCN_H 1
| #define LT_OBJDIR ".libs/"
| #define ENABLE_THREAD_SAFETY 1
| /* end confdefs.h.  */
| 
| /* Override any GCC internal prototype to avoid an error.
|    Use char because int might match the return type of a GCC
|    builtin and then its argument prototype would still apply.  */
| #ifdef __cplusplus
| extern "C"
| #endif
| char clock_gettime ();
| int
| main ()
| {
| return clock_gettime ();
|   ;
|   return 0;
| }
configure:12849: gcc -o conftest -L/usr/local/lib -I/usr/local/include -Os -fno-strict-aliasing -fno-common -dynamic   -g -Os -pipe -fno-common -fno-strict-aliasing -fwrapv  -DENABLE_DTRACE -DMACOSX -DNDEBUG  -Wstrict-prototypes -Wshorten-64-to-32 -DNDEBUG -g -fwrapv -Os  -Wstrict-prototypes -DENABLE_DTRACE -arch i386 -arch x86_64 -Wall -Wextra -pedantic -Wcast-align -fvisibility=hidden  -L/usr/local/lib              -Wl,-F. -arch i386 -arch x86_64 conftest.c -lrt   >&5
ld: library not found for -lrt
clang: error: linker command failed with exit code 1 (use -v to see invocation)
configure:12849: $? = 1
configure: failed program was:
| /* confdefs.h */
| #define PACKAGE_NAME "rabbitmq-c"
| #define PACKAGE_TARNAME "rabbitmq-c"
| #define PACKAGE_VERSION "0.5.0"
| #define PACKAGE_STRING "rabbitmq-c 0.5.0"
| #define PACKAGE_BUGREPORT "https://github.com/alanxz/rabbitmq-c/issues"
| #define PACKAGE_URL "http://www.rabbitmq.com/"
| #define PACKAGE "rabbitmq-c"
| #define VERSION "0.5.0"
| #define STDC_HEADERS 1
| #define HAVE_SYS_TYPES_H 1
| #define HAVE_SYS_STAT_H 1
| #define HAVE_STDLIB_H 1
| #define HAVE_STRING_H 1
| #define HAVE_MEMORY_H 1
| #define HAVE_STRINGS_H 1
| #define HAVE_INTTYPES_H 1
| #define HAVE_STDINT_H 1
| #define HAVE_UNISTD_H 1
| #define __EXTENSIONS__ 1
| #define _ALL_SOURCE 1
| #define _GNU_SOURCE 1
| #define _POSIX_PTHREAD_SEMANTICS 1
| #define _TANDEM_SOURCE 1
| #define HAVE_DLFCN_H 1
| #define LT_OBJDIR ".libs/"
| #define ENABLE_THREAD_SAFETY 1
| /* end confdefs.h.  */
| 
| /* Override any GCC internal prototype to avoid an error.
|    Use char because int might match the return type of a GCC
|    builtin and then its argument prototype would still apply.  */
| #ifdef __cplusplus
| extern "C"
| #endif
| char clock_gettime ();
| int
| main ()
| {
| return clock_gettime ();
|   ;
|   return 0;
| }
configure:12866: result: no
configure:12876: checking for htonll
configure:12876: gcc -o conftest -L/usr/local/lib -I/usr/local/include -Os -fno-strict-aliasing -fno-common -dynamic   -g -Os -pipe -fno-common -fno-strict-aliasing -fwrapv  -DENABLE_DTRACE -DMACOSX -DNDEBUG  -Wstrict-prototypes -Wshorten-64-to-32 -DNDEBUG -g -fwrapv -Os  -Wstrict-prototypes -DENABLE_DTRACE -arch i386 -arch x86_64 -Wall -Wextra -pedantic -Wcast-align -fvisibility=hidden  -L/usr/local/lib              -Wl,-F. -arch i386 -arch x86_64 conftest.c  >&5
Undefined symbols for architecture i386:
  "_htonll", referenced from:
      _main in conftest-e67bfd.o
ld: symbol(s) not found for architecture i386
clang: error: linker command failed with exit code 1 (use -v to see invocation)
configure:12876: $? = 1
configure: failed program was:
| /* confdefs.h */
| #define PACKAGE_NAME "rabbitmq-c"
| #define PACKAGE_TARNAME "rabbitmq-c"
| #define PACKAGE_VERSION "0.5.0"
| #define PACKAGE_STRING "rabbitmq-c 0.5.0"
| #define PACKAGE_BUGREPORT "https://github.com/alanxz/rabbitmq-c/issues"
| #define PACKAGE_URL "http://www.rabbitmq.com/"
| #define PACKAGE "rabbitmq-c"
| #define VERSION "0.5.0"
| #define STDC_HEADERS 1
| #define HAVE_SYS_TYPES_H 1
| #define HAVE_SYS_STAT_H 1
| #define HAVE_STDLIB_H 1
| #define HAVE_STRING_H 1
| #define HAVE_MEMORY_H 1
| #define HAVE_STRINGS_H 1
| #define HAVE_INTTYPES_H 1
| #define HAVE_STDINT_H 1
| #define HAVE_UNISTD_H 1
| #define __EXTENSIONS__ 1
| #define _ALL_SOURCE 1
| #define _GNU_SOURCE 1
| #define _POSIX_PTHREAD_SEMANTICS 1
| #define _TANDEM_SOURCE 1
| #define HAVE_DLFCN_H 1
| #define LT_OBJDIR ".libs/"
| #define ENABLE_THREAD_SAFETY 1
| /* end confdefs.h.  */
| /* Define htonll to an innocuous variant, in case <limits.h> declares htonll.
|    For example, HP-UX 11i <limits.h> declares gettimeofday.  */
| #define htonll innocuous_htonll
| 
| /* System header to define __stub macros and hopefully few prototypes,
|     which can conflict with char htonll (); below.
|     Prefer <limits.h> to <assert.h> if __STDC__ is defined, since
|     <limits.h> exists even on freestanding compilers.  */
| 
| #ifdef __STDC__
| # include <limits.h>
| #else
| # include <assert.h>
| #endif
| 
| #undef htonll
| 
| /* Override any GCC internal prototype to avoid an error.
|    Use char because int might match the return type of a GCC
|    builtin and then its argument prototype would still apply.  */
| #ifdef __cplusplus
| extern "C"
| #endif
| char htonll ();
| /* The GNU C library defines this for functions which it implements
|     to always fail with ENOSYS.  Some functions are actually named
|     something starting with __ and the normal name is an alias.  */
| #if defined __stub_htonll || defined __stub___htonll
| choke me
| #endif
| 
| int
| main ()
| {
| return htonll ();
|   ;
|   return 0;
| }
configure:12876: result: no
configure:13050: checking for SSL
configure:13057: $PKG_CONFIG --exists --print-errors "openssl >= 0.9.8"
configure:13060: $? = 0
configure:13074: $PKG_CONFIG --exists --print-errors "openssl >= 0.9.8"
configure:13077: $? = 0
configure:13115: result: yes
configure:13620: checking that generated files are newer than configure
configure:13626: result: done
configure:13689: creating ./config.status

## ---------------------- ##
## Running config.status. ##
## ---------------------- ##

This file was extended by rabbitmq-c config.status 0.5.0, which was
generated by GNU Autoconf 2.69.  Invocation command line was

  CONFIG_FILES    = 
  CONFIG_HEADERS  = 
  CONFIG_LINKS    = 
  CONFIG_COMMANDS = 
  $ ./config.status 

on graintable.home

config.status:1126: creating librabbitmq.pc
config.status:1126: creating Makefile
config.status:1126: creating config.h
config.status:1355: executing depfiles commands
config.status:1355: executing libtool commands
configure:15928: result:
rabbitmq-c build options:
	Host: x86_64-apple-darwin13.1.0
	Version: 0.5.0
	SSL/TLS: openssl
	Tools: no
	Documentation: no
	Examples: yes


## ---------------- ##
## Cache variables. ##
## ---------------- ##

ac_cv_build=x86_64-apple-darwin13.1.0
ac_cv_c_compiler_gnu=yes
ac_cv_c_inline=inline
ac_cv_env_CC_set=
ac_cv_env_CC_value=
ac_cv_env_CFLAGS_set=set
ac_cv_env_CFLAGS_value='-L/usr/local/lib -I/usr/local/include -Os -fno-strict-aliasing -fno-common -dynamic   -g -Os -pipe -fno-common -fno-strict-aliasing -fwrapv  -DENABLE_DTRACE -DMACOSX -DNDEBUG  -Wstrict-prototypes -Wshorten-64-to-32 -DNDEBUG -g -fwrapv -Os  -Wstrict-prototypes -DENABLE_DTRACE -arch i386 -arch x86_64'
ac_cv_env_CPPFLAGS_set=
ac_cv_env_CPPFLAGS_value=
ac_cv_env_CPP_set=
ac_cv_env_CPP_value=
ac_cv_env_LDFLAGS_set=set
ac_cv_env_LDFLAGS_value='-L/usr/local/lib              -Wl,-F. -arch i386 -arch x86_64'
ac_cv_env_LIBS_set=
ac_cv_env_LIBS_value=
ac_cv_env_PKG_CONFIG_LIBDIR_set=
ac_cv_env_PKG_CONFIG_LIBDIR_value=
ac_cv_env_PKG_CONFIG_PATH_set=
ac_cv_env_PKG_CONFIG_PATH_value=
ac_cv_env_PKG_CONFIG_set=
ac_cv_env_PKG_CONFIG_value=
ac_cv_env_POLARSSL_CFLAGS_set=
ac_cv_env_POLARSSL_CFLAGS_value=
ac_cv_env_POLARSSL_LIBS_set=
ac_cv_env_POLARSSL_LIBS_value=
ac_cv_env_POPT_CFLAGS_set=
ac_cv_env_POPT_CFLAGS_value=
ac_cv_env_POPT_LIBS_set=
ac_cv_env_POPT_LIBS_value=
ac_cv_env_SSL_CFLAGS_set=
ac_cv_env_SSL_CFLAGS_value=
ac_cv_env_SSL_LIBS_set=
ac_cv_env_SSL_LIBS_value=
ac_cv_env_XMLTO_set=
ac_cv_env_XMLTO_value=
ac_cv_env_build_alias_set=
ac_cv_env_build_alias_value=
ac_cv_env_host_alias_set=
ac_cv_env_host_alias_value=
ac_cv_env_target_alias_set=
ac_cv_env_target_alias_value=
ac_cv_func_htonll=no
ac_cv_header_dlfcn_h=yes
ac_cv_header_inttypes_h=yes
ac_cv_header_memory_h=yes
ac_cv_header_minix_config_h=no
ac_cv_header_stdc=yes
ac_cv_header_stdint_h=yes
ac_cv_header_stdlib_h=yes
ac_cv_header_string_h=yes
ac_cv_header_strings_h=yes
ac_cv_header_sys_stat_h=yes
ac_cv_header_sys_types_h=yes
ac_cv_header_unistd_h=yes
ac_cv_host=x86_64-apple-darwin13.1.0
ac_cv_objext=o
ac_cv_path_EGREP='/usr/bin/grep -E'
ac_cv_path_FGREP='/usr/bin/grep -F'
ac_cv_path_GREP=/usr/bin/grep
ac_cv_path_SED=/usr/bin/sed
ac_cv_path_ac_pt_PKG_CONFIG=/usr/local/bin/pkg-config
ac_cv_path_install='/usr/local/bin/ginstall -c'
ac_cv_path_mkdir=/usr/local/bin/gmkdir
ac_cv_prog_AWK=awk
ac_cv_prog_CPP='gcc -E'
ac_cv_prog_ac_ct_AR=ar
ac_cv_prog_ac_ct_CC=gcc
ac_cv_prog_ac_ct_DSYMUTIL=dsymutil
ac_cv_prog_ac_ct_LIPO=lipo
ac_cv_prog_ac_ct_NMEDIT=nmedit
ac_cv_prog_ac_ct_OTOOL=otool
ac_cv_prog_ac_ct_RANLIB=ranlib
ac_cv_prog_ac_ct_STRIP=strip
ac_cv_prog_cc_c89=
ac_cv_prog_cc_c99=
ac_cv_prog_cc_g=yes
ac_cv_prog_make_make_set=yes
ac_cv_safe_to_define___extensions__=yes
ac_cv_search_clock_gettime=no
ac_cv_search_getaddrinfo='none required'
ac_cv_search_socket='none required'
am_cv_CC_dependencies_compiler_type=none
am_cv_make_support_nested_variables=yes
am_cv_prog_cc_c_o=yes
lt_cv_apple_cc_single_mod=yes
lt_cv_ar_at_file=no
lt_cv_deplibs_check_method=pass_all
lt_cv_file_magic_cmd='$MAGIC_CMD'
lt_cv_file_magic_test_file=
lt_cv_ld_exported_symbols_list=yes
lt_cv_ld_force_load=yes
lt_cv_ld_reload_flag=-r
lt_cv_nm_interface='BSD nm'
lt_cv_objdir=.libs
lt_cv_path_LD=/Applications/Xcode.app/Contents/Developer/Toolchains/XcodeDefault.xctoolchain/usr/bin/ld
lt_cv_path_NM=/usr/bin/nm
lt_cv_path_mainfest_tool=no
lt_cv_prog_compiler_c_o=yes
lt_cv_prog_compiler_pic='-fno-common -DPIC'
lt_cv_prog_compiler_pic_works=yes
lt_cv_prog_compiler_rtti_exceptions=yes
lt_cv_prog_compiler_static_works=no
lt_cv_prog_gnu_ld=no
lt_cv_sharedlib_from_linklib_cmd='printf %s\n'
lt_cv_sys_global_symbol_pipe='sed -n -e '\''s/^.*[	 ]\([BCDEGRST][BCDEGRST]*\)[	 ][	 ]*_\([_A-Za-z][_A-Za-z0-9]*\)$/\1 _\2 \2/p'\'' | sed '\''/ __gnu_lto/d'\'''
lt_cv_sys_global_symbol_to_c_name_address='sed -n -e '\''s/^: \([^ ]*\)[ ]*$/  {\"\1\", (void *) 0},/p'\'' -e '\''s/^[BCDEGRST]* \([^ ]*\) \([^ ]*\)$/  {"\2", (void *) \&\2},/p'\'''
lt_cv_sys_global_symbol_to_c_name_address_lib_prefix='sed -n -e '\''s/^: \([^ ]*\)[ ]*$/  {\"\1\", (void *) 0},/p'\'' -e '\''s/^[BCDEGRST]* \([^ ]*\) \(lib[^ ]*\)$/  {"\2", (void *) \&\2},/p'\'' -e '\''s/^[BCDEGRST]* \([^ ]*\) \([^ ]*\)$/  {"lib\2", (void *) \&\2},/p'\'''
lt_cv_sys_global_symbol_to_cdecl='sed -n -e '\''s/^T .* \(.*\)$/extern int \1();/p'\'' -e '\''s/^[BCDEGRST]* .* \(.*\)$/extern char \1;/p'\'''
lt_cv_sys_max_cmd_len=196608
lt_cv_to_host_file_cmd=func_convert_file_noop
lt_cv_to_tool_file_cmd=func_convert_file_noop
pkg_cv_SSL_CFLAGS=
pkg_cv_SSL_LIBS='-lssl -lcrypto -lz '

## ----------------- ##
## Output variables. ##
## ----------------- ##

ACLOCAL='${SHELL} /opt/devel/librabbitmq/clib/missing aclocal-1.14'
AMDEPBACKSLASH=''
AMDEP_FALSE=''
AMDEP_TRUE='#'
AMTAR='$${TAR-tar}'
AM_BACKSLASH='\'
AM_DEFAULT_V='$(AM_DEFAULT_VERBOSITY)'
AM_DEFAULT_VERBOSITY='0'
AM_V='$(V)'
AR='ar'
AS='as'
AUTOCONF='${SHELL} /opt/devel/librabbitmq/clib/missing autoconf'
AUTOHEADER='${SHELL} /opt/devel/librabbitmq/clib/missing autoheader'
AUTOMAKE='${SHELL} /opt/devel/librabbitmq/clib/missing automake-1.14'
AWK='awk'
CC='gcc'
CCDEPMODE='depmode=none'
CFLAGS='-L/usr/local/lib -I/usr/local/include -Os -fno-strict-aliasing -fno-common -dynamic   -g -Os -pipe -fno-common -fno-strict-aliasing -fwrapv  -DENABLE_DTRACE -DMACOSX -DNDEBUG  -Wstrict-prototypes -Wshorten-64-to-32 -DNDEBUG -g -fwrapv -Os  -Wstrict-prototypes -DENABLE_DTRACE -arch i386 -arch x86_64 -Wall -Wextra -pedantic -Wcast-align -fvisibility=hidden'
CPP='gcc -E'
CPPFLAGS=''
CYGPATH_W='echo'
DEFS='-DHAVE_CONFIG_H'
DEPDIR='.deps'
DLLTOOL='false'
DOCS_FALSE=''
DOCS_TRUE='#'
DSYMUTIL='dsymutil'
DUMPBIN=''
ECHO_C='\c'
ECHO_N=''
ECHO_T=''
EGREP='/usr/bin/grep -E'
EXAMPLES_FALSE='#'
EXAMPLES_TRUE=''
EXEEXT=''
FGREP='/usr/bin/grep -F'
GREP='/usr/bin/grep'
INSTALL_DATA='${INSTALL} -m 644'
INSTALL_PROGRAM='${INSTALL}'
INSTALL_SCRIPT='${INSTALL}'
INSTALL_STRIP_PROGRAM='$(install_sh) -c -s'
LD='/Applications/Xcode.app/Contents/Developer/Toolchains/XcodeDefault.xctoolchain/usr/bin/ld'
LDFLAGS='-L/usr/local/lib              -Wl,-F. -arch i386 -arch x86_64'
LIBOBJS=''
LIBS=''
LIBTOOL='$(SHELL) $(top_builddir)/libtool'
LIPO='lipo'
LN_S='ln -s'
LTLIBOBJS=''
LT_AGE='2'
LT_CURRENT='3'
LT_REVISION='0'
MAKEINFO='${SHELL} /opt/devel/librabbitmq/clib/missing makeinfo'
MANIFEST_TOOL=':'
MKDIR_P='/usr/local/bin/gmkdir -p'
NM='/usr/bin/nm'
NMEDIT='nmedit'
NO_UNDEFINED=''
OBJDUMP='false'
OBJEXT='o'
OS_UNIX_FALSE='#'
OS_UNIX_TRUE=''
OS_WIN32_FALSE=''
OS_WIN32_TRUE='#'
OTOOL64=':'
OTOOL='otool'
PACKAGE='rabbitmq-c'
PACKAGE_BUGREPORT='https://github.com/alanxz/rabbitmq-c/issues'
PACKAGE_NAME='rabbitmq-c'
PACKAGE_STRING='rabbitmq-c 0.5.0'
PACKAGE_TARNAME='rabbitmq-c'
PACKAGE_URL='http://www.rabbitmq.com/'
PACKAGE_VERSION='0.5.0'
PATH_SEPARATOR=':'
PKG_CONFIG='/usr/local/bin/pkg-config'
PKG_CONFIG_LIBDIR=''
PKG_CONFIG_PATH=''
POLARSSL_CFLAGS=''
POLARSSL_LIBS=''
POPT_CFLAGS=''
POPT_LIBS=''
RANLIB='ranlib'
SED='/usr/bin/sed'
SET_MAKE=''
SHELL='/bin/sh'
SSL_CFLAGS=''
SSL_CYASSL_FALSE=''
SSL_CYASSL_TRUE='#'
SSL_FALSE='#'
SSL_GNUTLS_FALSE=''
SSL_GNUTLS_TRUE='#'
SSL_LIBS='-lssl -lcrypto -lz '
SSL_OPENSSL_FALSE='#'
SSL_OPENSSL_TRUE=''
SSL_POLARSSL_FALSE=''
SSL_POLARSSL_TRUE='#'
SSL_TRUE=''
STRIP='strip'
TOOLS_FALSE=''
TOOLS_TRUE='#'
VERSION='0.5.0'
XMLTO=''
ac_ct_AR='ar'
ac_ct_CC='gcc'
ac_ct_DUMPBIN=''
am__EXEEXT_FALSE=''
am__EXEEXT_TRUE='#'
am__fastdepCC_FALSE=''
am__fastdepCC_TRUE='#'
am__include='include'
am__isrc=''
am__leading_dot='.'
am__nodep=''
am__quote=''
am__tar='$${TAR-tar} chof - "$$tardir"'
am__untar='$${TAR-tar} xf -'
bindir='${exec_prefix}/bin'
build='x86_64-apple-darwin13.1.0'
build_alias=''
build_cpu='x86_64'
build_os='darwin13.1.0'
build_vendor='apple'
datadir='${datarootdir}'
datarootdir='${prefix}/share'
docdir='${datarootdir}/doc/${PACKAGE_TARNAME}'
dvidir='${docdir}'
exec_prefix='${prefix}'
host='x86_64-apple-darwin13.1.0'
host_alias=''
host_cpu='x86_64'
host_os='darwin13.1.0'
host_vendor='apple'
htmldir='${docdir}'
includedir='${prefix}/include'
infodir='${datarootdir}/info'
install_sh='${SHELL} /opt/devel/librabbitmq/clib/install-sh'
libdir='${exec_prefix}/lib'
libexecdir='${exec_prefix}/libexec'
libs_private=''
localedir='${datarootdir}/locale'
localstatedir='${prefix}/var'
mandir='${datarootdir}/man'
mkdir_p='$(MKDIR_P)'
oldincludedir='/usr/include'
pdfdir='${docdir}'
prefix='/usr/local'
program_transform_name='s,x,x,'
psdir='${docdir}'
requires_private='openssl'
sbindir='${exec_prefix}/sbin'
sharedstatedir='${prefix}/com'
sysconfdir='${prefix}/etc'
target_alias=''

## ----------- ##
## confdefs.h. ##
## ----------- ##

/* confdefs.h */
#define PACKAGE_NAME "rabbitmq-c"
#define PACKAGE_TARNAME "rabbitmq-c"
#define PACKAGE_VERSION "0.5.0"
#define PACKAGE_STRING "rabbitmq-c 0.5.0"
#define PACKAGE_BUGREPORT "https://github.com/alanxz/rabbitmq-c/issues"
#define PACKAGE_URL "http://www.rabbitmq.com/"
#define PACKAGE "rabbitmq-c"
#define VERSION "0.5.0"
#define STDC_HEADERS 1
#define HAVE_SYS_TYPES_H 1
#define HAVE_SYS_STAT_H 1
#define HAVE_STDLIB_H 1
#define HAVE_STRING_H 1
#define HAVE_MEMORY_H 1
#define HAVE_STRINGS_H 1
#define HAVE_INTTYPES_H 1
#define HAVE_STDINT_H 1
#define HAVE_UNISTD_H 1
#define __EXTENSIONS__ 1
#define _ALL_SOURCE 1
#define _GNU_SOURCE 1
#define _POSIX_PTHREAD_SEMANTICS 1
#define _TANDEM_SOURCE 1
#define HAVE_DLFCN_H 1
#define LT_OBJDIR ".libs/"
#define ENABLE_THREAD_SAFETY 1
#define WITH_SSL 1

configure: exit 0
